2021-07-09 09:59:49.606 | INFO     | Log.get_log:info:20 - ---直充订单用例开始执行---
2021-07-09 09:59:49.607 | INFO     | Log.get_log:info:20 - 执行用例Direct_001收单成功
2021-07-09 09:59:49.631 | INFO     | Log.get_log:info:20 - 用例执行成功
2021-07-09 09:59:49.638 | INFO     | Log.get_log:info:20 - 执行用例Direct_002收单成功（无回调）
2021-07-09 09:59:49.669 | INFO     | Log.get_log:info:20 - 执行用例Direct_003AppKey无效
2021-07-09 09:59:49.687 | INFO     | Log.get_log:info:20 - 用例执行成功
2021-07-09 09:59:49.693 | INFO     | Log.get_log:info:20 - 执行用例Direct_004会员无效
2021-07-09 09:59:49.717 | INFO     | Log.get_log:info:20 - 用例执行成功
2021-07-09 09:59:49.727 | INFO     | Log.get_log:info:20 - 执行用例Direct_005账户余额不足
2021-07-09 09:59:49.753 | INFO     | Log.get_log:info:20 - 用例执行成功
2021-07-09 09:59:49.757 | INFO     | Log.get_log:info:20 - 执行用例Direct_006IP验证失败
2021-07-09 09:59:49.776 | INFO     | Log.get_log:info:20 - 用例执行成功
2021-07-09 09:59:49.783 | INFO     | Log.get_log:info:20 - 执行用例Direct_007当前接口不支持此产品
2021-07-09 09:59:49.800 | INFO     | Log.get_log:info:20 - 用例执行成功
2021-07-09 09:59:49.806 | INFO     | Log.get_log:info:20 - 执行用例Direct_008当前产品不支持此格式帐号
2021-07-09 09:59:49.828 | ERROR    | Log.get_log:error:32 - 用例执行失败:assert '收单成功' == '当前产品不支持此格式帐号'
  - 当前产品不支持此格式帐号
  + 收单成功
2021-07-09 09:59:49.840 | INFO     | Log.get_log:info:20 - 执行用例Direct_009产品配置异常
2021-07-09 09:59:49.865 | INFO     | Log.get_log:info:20 - 用例执行成功
2021-07-09 09:59:49.871 | INFO     | Log.get_log:info:20 - 执行用例Direct_010产品编码无法识别
2021-07-09 09:59:49.890 | INFO     | Log.get_log:info:20 - 用例执行成功
2021-07-09 09:59:49.929 | INFO     | Log.get_log:info:20 - 执行用例Direct_011ProductCode不能为空
2021-07-09 09:59:49.948 | INFO     | Log.get_log:info:20 - 用例执行成功
2021-07-09 09:59:49.953 | INFO     | Log.get_log:info:20 - 执行用例Direct_012ChargeAccount不能为空
2021-07-09 09:59:49.971 | INFO     | Log.get_log:info:20 - 用例执行成功
2021-07-09 09:59:49.976 | INFO     | Log.get_log:info:20 - 执行用例Direct_013MOrderID不能为空
2021-07-09 09:59:49.999 | ERROR    | Log.get_log:error:32 - 用例执行失败:assert '收单成功' == 'MOrderID不能为空'
  - MOrderID不能为空
  + 收单成功
2021-07-09 09:59:50.009 | INFO     | Log.get_log:info:20 - 执行用例Direct_014TimesTamp不能为空
2021-07-09 09:59:50.038 | ERROR    | Log.get_log:error:32 - 用例执行失败:assert '收单成功' == 'TimesTamp不能为空'
  - TimesTamp不能为空
  + 收单成功
2021-07-09 09:59:50.048 | INFO     | Log.get_log:info:20 - 执行用例Direct_015AppKey不能为空
2021-07-09 09:59:50.066 | INFO     | Log.get_log:info:20 - 用例执行成功
2021-07-09 09:59:50.072 | INFO     | Log.get_log:info:20 - 执行用例Direct_016Version不能为空
2021-07-09 09:59:50.089 | INFO     | Log.get_log:info:20 - 用例执行成功
2021-07-09 09:59:50.095 | INFO     | Log.get_log:info:20 - 执行用例Direct_017BuyCount格式错误
2021-07-09 09:59:50.113 | INFO     | Log.get_log:info:20 - 用例执行成功
2021-07-09 09:59:50.118 | INFO     | Log.get_log:info:20 - 执行用例Direct_018ChargeAccountType不能为空
2021-07-09 09:59:50.138 | INFO     | Log.get_log:info:20 - 用例执行成功
2021-07-09 09:59:50.143 | INFO     | Log.get_log:info:20 - 执行用例Direct_019账户类型错误
2021-07-09 09:59:50.161 | INFO     | Log.get_log:info:20 - 用例执行成功
2021-07-09 09:59:50.167 | INFO     | Log.get_log:info:20 - 执行用例Direct_020接口版本错误
2021-07-09 09:59:50.186 | INFO     | Log.get_log:info:20 - 用例执行成功
2021-07-09 09:59:50.192 | INFO     | Log.get_log:info:20 - 执行用例Direct_021CallBackUrl不能为空
2021-07-09 09:59:50.209 | INFO     | Log.get_log:info:20 - 用例执行成功
2021-07-09 09:59:50.214 | INFO     | Log.get_log:info:20 - 执行用例Direct_022签名错误
2021-07-09 09:59:50.233 | INFO     | Log.get_log:info:20 - 用例执行成功
2021-07-09 09:59:50.240 | INFO     | Log.get_log:info:20 - 执行用例Direct_023合作方单号重复
2021-07-09 09:59:50.261 | ERROR    | Log.get_log:error:32 - 用例执行失败:assert '收单成功' == '会员订单号重复'
  - 会员订单号重复
  + 收单成功
2021-07-09 09:59:50.271 | INFO     | Log.get_log:info:20 - 执行用例Direct_024时间戳失效
2021-07-09 09:59:50.294 | ERROR    | Log.get_log:error:32 - 用例执行失败:assert '收单成功' == '时间戳失效'
  - 时间戳失效
  + 收单成功
2021-07-09 09:59:50.302 | INFO     | Log.get_log:info:20 - ---直充订单用例结束执行---
2021-07-09 09:59:50.305 | INFO     | Log.get_log:info:20 - ---卡密订单用例开始执行---
2021-07-09 09:59:50.306 | INFO     | Log.get_log:info:20 - 执行用例Card_001收单成功（回调）
2021-07-09 09:59:50.334 | INFO     | Log.get_log:info:20 - 用例执行成功
2021-07-09 09:59:50.340 | INFO     | Log.get_log:info:20 - 执行用例Card_002收单成功（无回调）
2021-07-09 09:59:50.350 | INFO     | Log.get_log:info:20 - 执行用例Card_003AppKey无效
2021-07-09 09:59:50.372 | INFO     | Log.get_log:info:20 - 用例执行成功
2021-07-09 09:59:50.377 | INFO     | Log.get_log:info:20 - 执行用例Card_004会员无效
2021-07-09 09:59:50.400 | INFO     | Log.get_log:info:20 - 用例执行成功
2021-07-09 09:59:50.405 | INFO     | Log.get_log:info:20 - 执行用例Card_005账户余额不足
2021-07-09 09:59:50.430 | INFO     | Log.get_log:info:20 - 用例执行成功
2021-07-09 09:59:50.437 | INFO     | Log.get_log:info:20 - 执行用例Card_006IP验证失败
2021-07-09 09:59:50.454 | INFO     | Log.get_log:info:20 - 用例执行成功
2021-07-09 09:59:50.460 | INFO     | Log.get_log:info:20 - 执行用例Card_007当前接口不支持此产品
2021-07-09 09:59:50.481 | INFO     | Log.get_log:info:20 - 用例执行成功
2021-07-09 09:59:50.486 | INFO     | Log.get_log:info:20 - 执行用例Card_008当前接口不支持此格式帐号
2021-07-09 09:59:50.511 | ERROR    | Log.get_log:error:32 - 用例执行失败:assert '收单成功' == '当前产品不支持此格式帐号'
  - 当前产品不支持此格式帐号
  + 收单成功
2021-07-09 09:59:50.520 | INFO     | Log.get_log:info:20 - 执行用例Card_009产品配置异常
2021-07-09 09:59:50.549 | INFO     | Log.get_log:info:20 - 用例执行成功
2021-07-09 09:59:50.554 | INFO     | Log.get_log:info:20 - 执行用例Card_010产品编码无法识别
2021-07-09 09:59:50.592 | INFO     | Log.get_log:info:20 - 用例执行成功
2021-07-09 09:59:50.599 | INFO     | Log.get_log:info:20 - 执行用例Card_011ProductCode不能为空
2021-07-09 09:59:50.618 | INFO     | Log.get_log:info:20 - 用例执行成功
2021-07-09 09:59:50.623 | INFO     | Log.get_log:info:20 - 执行用例Card_012ChargeAccount不能为空
2021-07-09 09:59:50.647 | ERROR    | Log.get_log:error:32 - 用例执行失败:assert '收单成功' == 'ChargeAccount不能为空'
  - ChargeAccount不能为空
  + 收单成功
2021-07-09 09:59:50.657 | INFO     | Log.get_log:info:20 - 执行用例Card_013MOrderID不能为空
2021-07-09 09:59:50.678 | ERROR    | Log.get_log:error:32 - 用例执行失败:assert '收单成功' == 'MOrderID不能为空'
  - MOrderID不能为空
  + 收单成功
2021-07-09 09:59:50.688 | INFO     | Log.get_log:info:20 - 执行用例Card_014TimesTamp不能为空
2021-07-09 09:59:50.717 | ERROR    | Log.get_log:error:32 - 用例执行失败:assert '收单成功' == 'TimesTamp不能为空'
  - TimesTamp不能为空
  + 收单成功
2021-07-09 09:59:50.727 | INFO     | Log.get_log:info:20 - 执行用例Card_015AppKey不能为空
2021-07-09 09:59:50.743 | INFO     | Log.get_log:info:20 - 用例执行成功
2021-07-09 09:59:50.748 | INFO     | Log.get_log:info:20 - 执行用例Card_016Version不能为空
2021-07-09 09:59:50.766 | INFO     | Log.get_log:info:20 - 用例执行成功
2021-07-09 09:59:50.772 | INFO     | Log.get_log:info:20 - 执行用例Card_017BuyCount格式错误
2021-07-09 09:59:50.790 | INFO     | Log.get_log:info:20 - 用例执行成功
2021-07-09 09:59:50.795 | INFO     | Log.get_log:info:20 - 执行用例Card_018ChargeAccountType不能为空
2021-07-09 09:59:50.814 | INFO     | Log.get_log:info:20 - 用例执行成功
2021-07-09 09:59:50.819 | INFO     | Log.get_log:info:20 - 执行用例Card_019账户类型错误
2021-07-09 09:59:50.841 | INFO     | Log.get_log:info:20 - 用例执行成功
2021-07-09 09:59:50.847 | INFO     | Log.get_log:info:20 - 执行用例Card_020接口版本错误
2021-07-09 09:59:50.869 | INFO     | Log.get_log:info:20 - 用例执行成功
2021-07-09 09:59:50.876 | INFO     | Log.get_log:info:20 - 执行用例Card_021CallBackUrl不能为空
2021-07-09 09:59:50.893 | INFO     | Log.get_log:info:20 - 用例执行成功
2021-07-09 09:59:50.899 | INFO     | Log.get_log:info:20 - 执行用例Card_022签名错误
2021-07-09 09:59:50.922 | INFO     | Log.get_log:info:20 - 用例执行成功
2021-07-09 09:59:50.927 | INFO     | Log.get_log:info:20 - 执行用例Card_023合作方单号重复
2021-07-09 09:59:50.952 | ERROR    | Log.get_log:error:32 - 用例执行失败:assert '收单成功' == '会员订单号重复'
  - 会员订单号重复
  + 收单成功
2021-07-09 09:59:50.962 | INFO     | Log.get_log:info:20 - 执行用例Card_024时间戳失效
2021-07-09 09:59:50.989 | ERROR    | Log.get_log:error:32 - 用例执行失败:assert '收单成功' == '时间戳失效'
  - 时间戳失效
  + 收单成功
2021-07-09 09:59:50.999 | INFO     | Log.get_log:info:20 - 执行用例Card_025卡密密钥不能为空
2021-07-09 09:59:51.021 | INFO     | Log.get_log:info:20 - 用例执行成功
2021-07-09 09:59:51.027 | INFO     | Log.get_log:info:20 - 执行用例Card_026卡密密钥不合法
2021-07-09 09:59:51.050 | INFO     | Log.get_log:info:20 - 用例执行成功
2021-07-09 09:59:51.054 | INFO     | Log.get_log:info:20 - ---卡密订单用例结束执行---
2021-07-09 09:59:51.057 | INFO     | Log.get_log:info:20 - ---话费订单用例开始执行---
2021-07-09 09:59:51.059 | INFO     | Log.get_log:info:20 - 执行用例Submit_001提交成功
2021-07-09 09:59:51.092 | INFO     | Log.get_log:info:20 - 用例执行成功
2021-07-09 09:59:51.098 | INFO     | Log.get_log:info:20 - 执行用例Submit_002订单重复提交
2021-07-09 09:59:51.134 | ERROR    | Log.get_log:error:32 - 用例执行失败:assert '提交成功' == '订单不存在'
  - 订单不存在
  + 提交成功
2021-07-09 09:59:51.145 | INFO     | Log.get_log:info:20 - 执行用例Submit_003无效的时间戳
2021-07-09 09:59:51.177 | ERROR    | Log.get_log:error:32 - 用例执行失败:assert '提交成功' == '无效的时间戳'
  - 无效的时间戳
  + 提交成功
2021-07-09 09:59:51.187 | INFO     | Log.get_log:info:20 - 执行用例Submit_004请求已超时
2021-07-09 09:59:51.217 | ERROR    | Log.get_log:error:32 - 用例执行失败:assert '提交成功' == '请求已超时'
  - 请求已超时
  + 提交成功
2021-07-09 09:59:51.227 | INFO     | Log.get_log:info:20 - 执行用例Submit_005非法的会员
2021-07-09 09:59:51.261 | INFO     | Log.get_log:info:20 - 用例执行成功
2021-07-09 09:59:51.267 | INFO     | Log.get_log:info:20 - 执行用例Submit_006会员已被禁用
2021-07-09 09:59:51.288 | INFO     | Log.get_log:info:20 - 用例执行成功
2021-07-09 09:59:51.294 | INFO     | Log.get_log:info:20 - 执行用例Submit_007接口账户已被禁用
2021-07-09 09:59:51.314 | INFO     | Log.get_log:info:20 - 用例执行成功
2021-07-09 09:59:51.320 | INFO     | Log.get_log:info:20 - 执行用例Submit_008请求IP地址与邦定IP地址不符
2021-07-09 09:59:51.340 | INFO     | Log.get_log:info:20 - 用例执行成功
2021-07-09 09:59:51.346 | INFO     | Log.get_log:info:20 - 执行用例Submit_009签名错误(apikey 错误)
2021-07-09 09:59:51.372 | INFO     | Log.get_log:info:20 - 用例执行成功
2021-07-09 09:59:51.378 | INFO     | Log.get_log:info:20 - 执行用例Submit_010不支持该产品充值
2021-07-09 09:59:51.399 | INFO     | Log.get_log:info:20 - 用例执行成功
2021-07-09 09:59:51.405 | INFO     | Log.get_log:info:20 - 执行用例Submit_011该产品不支持数量
2021-07-09 09:59:51.451 | ERROR    | Log.get_log:error:32 - 用例执行失败:assert '提交成功' == '该产品不支持数量'
  - 该产品不支持数量
  + 提交成功
2021-07-09 09:59:51.460 | INFO     | Log.get_log:info:20 - 执行用例Submit_012该产品已下架
2021-07-09 09:59:51.492 | INFO     | Log.get_log:info:20 - 用例执行成功
2021-07-09 09:59:51.497 | INFO     | Log.get_log:info:20 - 执行用例Submit_013该产品未配置价格
2021-07-09 09:59:51.526 | INFO     | Log.get_log:info:20 - 用例执行成功
2021-07-09 09:59:51.532 | INFO     | Log.get_log:info:20 - 执行用例Submit_014资金账户余额不足
2021-07-09 09:59:51.571 | INFO     | Log.get_log:info:20 - 用例执行成功
2021-07-09 09:59:51.576 | INFO     | Log.get_log:info:20 - 执行用例Submit_015接口帐号不能为空
2021-07-09 09:59:51.606 | INFO     | Log.get_log:info:20 - 用例执行成功
2021-07-09 09:59:51.612 | INFO     | Log.get_log:info:20 - 执行用例Submit_016会员订单号不能为空
2021-07-09 09:59:51.672 | ERROR    | Log.get_log:error:32 - 用例执行失败:assert '提交成功' == '会员订单号不能为空'
  - 会员订单号不能为空
  + 提交成功
2021-07-09 09:59:51.681 | INFO     | Log.get_log:info:20 - 执行用例Submit_017充值号码不能为空
2021-07-09 09:59:51.708 | INFO     | Log.get_log:info:20 - 用例执行成功
2021-07-09 09:59:51.714 | INFO     | Log.get_log:info:20 - 执行用例Submit_018时间戳不能为空
2021-07-09 09:59:51.742 | ERROR    | Log.get_log:error:32 - 用例执行失败:assert '提交成功' == '时间戳不能为空'
  - 时间戳不能为空
  + 提交成功
2021-07-09 09:59:51.751 | INFO     | Log.get_log:info:20 - 执行用例Submit_019签名不能为空
2021-07-09 09:59:51.779 | ERROR    | Log.get_log:error:32 - 用例执行失败:assert '提交成功' == '签名不能为空'
  - 签名不能为空
  + 提交成功
2021-07-09 09:59:51.789 | INFO     | Log.get_log:info:20 - 执行用例Submit_020无效的面值
2021-07-09 09:59:51.813 | INFO     | Log.get_log:info:20 - 用例执行成功
2021-07-09 09:59:51.818 | INFO     | Log.get_log:info:20 - 执行用例Submit_021无效的产品类型
2021-07-09 09:59:51.827 | INFO     | Log.get_log:info:20 - ---话费订单用例结束执行---
2021-07-09 09:59:51.829 | INFO     | Log.get_log:info:20 - ---短链接生成用例开始执行---
2021-07-09 09:59:51.830 | INFO     | Log.get_log:info:20 - 执行用例Generate_001所有字段正常传入
2021-07-09 09:59:51.841 | INFO     | Log.get_log:info:20 - 用例执行成功
2021-07-09 09:59:51.846 | INFO     | Log.get_log:info:20 - 执行用例Generate_002所有必填字段正常传入
2021-07-09 09:59:51.877 | INFO     | Log.get_log:info:20 - 用例执行成功
2021-07-09 09:59:51.882 | INFO     | Log.get_log:info:20 - 执行用例Generate_003Url为空
2021-07-09 09:59:51.887 | INFO     | Log.get_log:info:20 - 用例执行成功
2021-07-09 09:59:51.892 | INFO     | Log.get_log:info:20 - 执行用例Generate_004Token为空
2021-07-09 09:59:51.897 | INFO     | Log.get_log:info:20 - 用例执行成功
2021-07-09 09:59:51.902 | INFO     | Log.get_log:info:20 - 执行用例Generate_005输入错误的Url
2021-07-09 09:59:51.906 | INFO     | Log.get_log:info:20 - 用例执行成功
2021-07-09 09:59:51.911 | INFO     | Log.get_log:info:20 - 执行用例Generate_006无效Token
2021-07-09 09:59:51.916 | ERROR    | Log.get_log:error:32 - 用例执行失败:assert '100101' == '100104'
  - 100104
  ?      ^
  + 100101
  ?      ^
2021-07-09 09:59:51.924 | INFO     | Log.get_log:info:20 - 执行用例Generate_007无效的域名
2021-07-09 09:59:51.929 | ERROR    | Log.get_log:error:32 - 用例执行失败:assert '100101' == '100105'
  - 100105
  ?      ^
  + 100101
  ?      ^
2021-07-09 09:59:51.937 | INFO     | Log.get_log:info:20 - 执行用例Generate_008会员余额不足
2021-07-09 09:59:51.942 | ERROR    | Log.get_log:error:32 - 用例执行失败:assert '100101' == '100106'
  - 100106
  ?      ^
  + 100101
  ?      ^
2021-07-09 09:59:51.949 | INFO     | Log.get_log:info:20 - 执行用例Generate_009会员无效
2021-07-09 09:59:51.954 | ERROR    | Log.get_log:error:32 - 用例执行失败:assert '100101' == '100107'
  - 100107
  ?      ^
  + 100101
  ?      ^
2021-07-09 09:59:51.962 | INFO     | Log.get_log:info:20 - 执行用例Generate_010IP验证失败
（会员接口白名单配置错误的IP）
2021-07-09 09:59:51.974 | INFO     | Log.get_log:info:20 - 用例执行成功
2021-07-09 09:59:51.980 | INFO     | Log.get_log:info:20 - 执行用例Generate_011传递参数(timestamp)不能为空
2021-07-09 09:59:51.989 | ERROR    | Log.get_log:error:32 - 用例执行失败:assert '100108' == '100109'
  - 100109
  ?      ^
  + 100108
  ?      ^
2021-07-09 09:59:51.997 | INFO     | Log.get_log:info:20 - 执行用例Generate_012传递参数(Sign)不能为空
2021-07-09 09:59:52.010 | ERROR    | Log.get_log:error:32 - 用例执行失败:assert '100108' == '100110'
  - 100110
  ?     -
  + 100108
  ?      +
2021-07-09 09:59:52.017 | INFO     | Log.get_log:info:20 - 执行用例Generate_013时间戳已失效
2021-07-09 09:59:52.030 | ERROR    | Log.get_log:error:32 - 用例执行失败:assert '100108' == '100111'
  - 100111
  + 100108
2021-07-09 09:59:52.037 | INFO     | Log.get_log:info:20 - 执行用例Generate_014签名错误
2021-07-09 09:59:52.282 | INFO     | Log.get_log:info:20 - 用例执行成功
2021-07-09 09:59:52.287 | INFO     | Log.get_log:info:20 - 执行用例Generate_015时间戳有误
2021-07-09 09:59:52.298 | ERROR    | Log.get_log:error:32 - 用例执行失败:assert '100108' == '100113'
  - 100113
  + 100108
2021-07-09 09:59:52.306 | INFO     | Log.get_log:info:20 - 执行用例Generate_016传递参数(DomainName)不能为空
2021-07-09 09:59:52.311 | INFO     | Log.get_log:info:20 - 用例执行成功
2021-07-09 09:59:52.314 | INFO     | Log.get_log:info:20 - ---短链接生成用例结束执行---
