2021-07-09 15:35:09.869 | INFO     | Log.get_log:info:20 - ---积分卡提取用例开始执行---
2021-07-09 15:35:09.870 | INFO     | Log.get_log:info:20 - 执行用例getcodedata
_001所有字段正常传入
2021-07-09 15:35:10.345 | ERROR    | Log.get_log:error:32 - 用例执行失败:Expecting ',' delimiter: line 1 column 51 (char 50)
2021-07-09 15:35:10.385 | INFO     | Log.get_log:info:20 - 执行用例getcodedata
_002渠道账号为空
2021-07-09 15:35:10.525 | INFO     | Log.get_log:info:20 - 用例执行成功
2021-07-09 15:35:10.531 | INFO     | Log.get_log:info:20 - 执行用例getcodedata
_003
传入不存在的渠道账号
2021-07-09 15:35:10.672 | INFO     | Log.get_log:info:20 - 用例执行成功
2021-07-09 15:35:10.678 | INFO     | Log.get_log:info:20 - 执行用例getcodedata
_004后台渠道提取帐号禁用
2021-07-09 15:35:10.813 | INFO     | Log.get_log:info:20 - 用例执行成功
2021-07-09 15:35:10.819 | INFO     | Log.get_log:info:20 - 执行用例getcodedata
_005后台配置了限制IP
2021-07-09 15:35:10.955 | INFO     | Log.get_log:info:20 - 用例执行成功
2021-07-09 15:35:10.960 | INFO     | Log.get_log:info:20 - 执行用例getcodedata
_006渠道提取帐号金额不足
2021-07-09 15:35:11.233 | INFO     | Log.get_log:info:20 - 用例执行成功
2021-07-09 15:35:11.239 | INFO     | Log.get_log:info:20 - 执行用例getcodedata
_007号码为空
2021-07-09 15:35:11.382 | INFO     | Log.get_log:info:20 - 用例执行成功
2021-07-09 15:35:11.389 | INFO     | Log.get_log:info:20 - 执行用例getcodedata
_008号码包含字母特殊字符空格
2021-07-09 15:35:11.681 | ERROR    | Log.get_log:error:32 - 用例执行失败:assert '成功' == '其他异常'
  - 其他异常
  + 成功
2021-07-09 15:35:11.689 | INFO     | Log.get_log:info:20 - 执行用例getcodedata
_009订单号为空
2021-07-09 15:35:11.886 | ERROR    | Log.get_log:error:32 - 用例执行失败:assert '重复请求,已制过码,订单已存在' == '其他异常'
  - 其他异常
  + 重复请求,已制过码,订单已存在
2021-07-09 15:35:11.894 | INFO     | Log.get_log:info:20 - 执行用例getcodedata
_010订单号包含字母特殊字符空格
2021-07-09 15:35:12.085 | ERROR    | Log.get_log:error:32 - 用例执行失败:assert '重复请求,已制过码,订单已存在' == '其他异常'
  - 其他异常
  + 重复请求,已制过码,订单已存在
2021-07-09 15:35:12.096 | INFO     | Log.get_log:info:20 - 执行用例getcodedata
_011订单已存在
2021-07-09 15:35:12.423 | ERROR    | Log.get_log:error:32 - 用例执行失败:Expecting property name enclosed in double quotes: line 1 column 2 (char 1)
2021-07-09 15:35:12.439 | INFO     | Log.get_log:info:20 - 执行用例getcodedata
_012商品编号为空
2021-07-09 15:35:12.635 | ERROR    | Log.get_log:error:32 - 用例执行失败:assert '重复请求,已制过码,订单已存在' == '其他异常'
  - 其他异常
  + 重复请求,已制过码,订单已存在
2021-07-09 15:35:12.644 | INFO     | Log.get_log:info:20 - 执行用例getcodedata
_013商品编码不存在
2021-07-09 15:35:12.831 | ERROR    | Log.get_log:error:32 - 用例执行失败:assert '重复请求,已制过码,订单已存在' == '其他异常'
  - 其他异常
  + 重复请求,已制过码,订单已存在
2021-07-09 15:35:12.838 | INFO     | Log.get_log:info:20 - 执行用例getcodedata
_014商品编码包含字母特殊字符空格
2021-07-09 15:35:13.048 | ERROR    | Log.get_log:error:32 - 用例执行失败:assert '重复请求,已制过码,订单已存在' == '其他异常'
  - 其他异常
  + 重复请求,已制过码,订单已存在
2021-07-09 15:35:13.057 | INFO     | Log.get_log:info:20 - 执行用例getcodedata
_015积分卡数量不足
2021-07-09 15:35:13.335 | INFO     | Log.get_log:info:20 - 用例执行成功
2021-07-09 15:35:13.341 | INFO     | Log.get_log:info:20 - 执行用例getcodedata
_016购买数为空
2021-07-09 15:35:13.626 | ERROR    | Log.get_log:error:32 - 用例执行失败:assert '提取数量必须大于1' == '其他异常'
  - 其他异常
  + 提取数量必须大于1
2021-07-09 15:35:13.635 | INFO     | Log.get_log:info:20 - 执行用例getcodedata
_017购买数为0
2021-07-09 15:35:13.916 | ERROR    | Log.get_log:error:32 - 用例执行失败:Expecting property name enclosed in double quotes: line 1 column 2 (char 1)
2021-07-09 15:35:13.937 | INFO     | Log.get_log:info:20 - 执行用例getcodedata
_018购买数负数
2021-07-09 15:35:14.213 | ERROR    | Log.get_log:error:32 - 用例执行失败:Expecting property name enclosed in double quotes: line 1 column 2 (char 1)
2021-07-09 15:35:14.228 | INFO     | Log.get_log:info:20 - 执行用例getcodedata
_019购买数包含字母特殊字符空格
2021-07-09 15:35:14.505 | ERROR    | Log.get_log:error:32 - 用例执行失败:Expecting property name enclosed in double quotes: line 1 column 2 (char 1)
2021-07-09 15:35:14.522 | INFO     | Log.get_log:info:20 - 执行用例getcodedata
_020有效期为空
2021-07-09 15:35:14.659 | INFO     | Log.get_log:info:20 - 用例执行成功
2021-07-09 15:35:14.665 | INFO     | Log.get_log:info:20 - 执行用例getcodedata
_021有效期格式错误
2021-07-09 15:35:14.804 | INFO     | Log.get_log:info:20 - 用例执行成功
2021-07-09 15:35:14.809 | INFO     | Log.get_log:info:20 - 执行用例getcodedata
_022有效期过期
2021-07-09 15:35:15.079 | ERROR    | Log.get_log:error:32 - 用例执行失败:assert '成功' == '参数异常'
  - 参数异常
  + 成功
2021-07-09 15:35:15.088 | INFO     | Log.get_log:info:20 - 执行用例getcodedata
_023开始时间为空
2021-07-09 15:35:15.236 | INFO     | Log.get_log:info:20 - 用例执行成功
2021-07-09 15:35:15.247 | INFO     | Log.get_log:info:20 - 执行用例getcodedata
_024开始时间格式错误
2021-07-09 15:35:15.395 | INFO     | Log.get_log:info:20 - 用例执行成功
2021-07-09 15:35:15.403 | INFO     | Log.get_log:info:20 - 执行用例getcodedata
_025开始时间未开始
2021-07-09 15:35:15.688 | ERROR    | Log.get_log:error:32 - 用例执行失败:assert '所提取的数量不足' == '参数异常'
  - 参数异常
  + 所提取的数量不足
2021-07-09 15:35:15.696 | INFO     | Log.get_log:info:20 - 执行用例getcodedata
_026签名为空
2021-07-09 15:35:15.834 | INFO     | Log.get_log:info:20 - 用例执行成功
2021-07-09 15:35:15.837 | INFO     | Log.get_log:info:20 - ---积分卡提取用例结束执行---
