2021-07-09 10:08:34.098 | INFO     | Log.get_log:info:20 - ---直充订单用例开始执行---
2021-07-09 10:08:34.099 | INFO     | Log.get_log:info:20 - 执行用例Direct_001收单成功
2021-07-09 10:08:34.122 | INFO     | Log.get_log:info:20 - 用例执行成功
2021-07-09 10:08:34.129 | INFO     | Log.get_log:info:20 - 执行用例Direct_002收单成功（无回调）
2021-07-09 10:08:34.159 | INFO     | Log.get_log:info:20 - 执行用例Direct_003AppKey无效
2021-07-09 10:08:34.179 | INFO     | Log.get_log:info:20 - 用例执行成功
2021-07-09 10:08:34.185 | INFO     | Log.get_log:info:20 - 执行用例Direct_004会员无效
2021-07-09 10:08:34.202 | INFO     | Log.get_log:info:20 - 用例执行成功
2021-07-09 10:08:34.207 | INFO     | Log.get_log:info:20 - 执行用例Direct_005账户余额不足
2021-07-09 10:08:34.226 | INFO     | Log.get_log:info:20 - 用例执行成功
2021-07-09 10:08:34.232 | INFO     | Log.get_log:info:20 - 执行用例Direct_006IP验证失败
2021-07-09 10:08:34.246 | INFO     | Log.get_log:info:20 - 用例执行成功
2021-07-09 10:08:34.251 | INFO     | Log.get_log:info:20 - 执行用例Direct_007当前接口不支持此产品
2021-07-09 10:08:34.269 | INFO     | Log.get_log:info:20 - 用例执行成功
2021-07-09 10:08:34.275 | INFO     | Log.get_log:info:20 - 执行用例Direct_008当前产品不支持此格式帐号
2021-07-09 10:08:34.294 | ERROR    | Log.get_log:error:32 - 用例执行失败:assert '收单成功' == '当前产品不支持此格式帐号'
  - 当前产品不支持此格式帐号
  + 收单成功
2021-07-09 10:08:34.307 | INFO     | Log.get_log:info:20 - 执行用例Direct_009产品配置异常
2021-07-09 10:08:34.325 | INFO     | Log.get_log:info:20 - 用例执行成功
2021-07-09 10:08:34.331 | INFO     | Log.get_log:info:20 - 执行用例Direct_010产品编码无法识别
2021-07-09 10:08:34.349 | INFO     | Log.get_log:info:20 - 用例执行成功
2021-07-09 10:08:34.355 | INFO     | Log.get_log:info:20 - 执行用例Direct_011ProductCode不能为空
2021-07-09 10:08:34.373 | INFO     | Log.get_log:info:20 - 用例执行成功
2021-07-09 10:08:34.378 | INFO     | Log.get_log:info:20 - 执行用例Direct_012ChargeAccount不能为空
2021-07-09 10:08:34.395 | INFO     | Log.get_log:info:20 - 用例执行成功
2021-07-09 10:08:34.400 | INFO     | Log.get_log:info:20 - 执行用例Direct_013MOrderID不能为空
2021-07-09 10:08:34.425 | ERROR    | Log.get_log:error:32 - 用例执行失败:assert '收单成功' == 'MOrderID不能为空'
  - MOrderID不能为空
  + 收单成功
2021-07-09 10:08:34.436 | INFO     | Log.get_log:info:20 - 执行用例Direct_014TimesTamp不能为空
2021-07-09 10:08:34.458 | ERROR    | Log.get_log:error:32 - 用例执行失败:assert '收单成功' == 'TimesTamp不能为空'
  - TimesTamp不能为空
  + 收单成功
2021-07-09 10:08:34.468 | INFO     | Log.get_log:info:20 - 执行用例Direct_015AppKey不能为空
2021-07-09 10:08:34.485 | INFO     | Log.get_log:info:20 - 用例执行成功
2021-07-09 10:08:34.491 | INFO     | Log.get_log:info:20 - 执行用例Direct_016Version不能为空
2021-07-09 10:08:34.508 | INFO     | Log.get_log:info:20 - 用例执行成功
2021-07-09 10:08:34.515 | INFO     | Log.get_log:info:20 - 执行用例Direct_017BuyCount格式错误
2021-07-09 10:08:34.533 | INFO     | Log.get_log:info:20 - 用例执行成功
2021-07-09 10:08:34.538 | INFO     | Log.get_log:info:20 - 执行用例Direct_018ChargeAccountType不能为空
2021-07-09 10:08:34.555 | INFO     | Log.get_log:info:20 - 用例执行成功
2021-07-09 10:08:34.560 | INFO     | Log.get_log:info:20 - 执行用例Direct_019账户类型错误
2021-07-09 10:08:34.579 | INFO     | Log.get_log:info:20 - 用例执行成功
2021-07-09 10:08:34.585 | INFO     | Log.get_log:info:20 - 执行用例Direct_020接口版本错误
2021-07-09 10:08:34.604 | INFO     | Log.get_log:info:20 - 用例执行成功
2021-07-09 10:08:34.610 | INFO     | Log.get_log:info:20 - 执行用例Direct_021CallBackUrl不能为空
2021-07-09 10:08:34.626 | INFO     | Log.get_log:info:20 - 用例执行成功
2021-07-09 10:08:34.632 | INFO     | Log.get_log:info:20 - 执行用例Direct_022签名错误
2021-07-09 10:08:34.651 | INFO     | Log.get_log:info:20 - 用例执行成功
2021-07-09 10:08:34.656 | INFO     | Log.get_log:info:20 - 执行用例Direct_023合作方单号重复
2021-07-09 10:08:34.678 | ERROR    | Log.get_log:error:32 - 用例执行失败:assert '收单成功' == '会员订单号重复'
  - 会员订单号重复
  + 收单成功
2021-07-09 10:08:34.688 | INFO     | Log.get_log:info:20 - 执行用例Direct_024时间戳失效
2021-07-09 10:08:34.710 | ERROR    | Log.get_log:error:32 - 用例执行失败:assert '收单成功' == '时间戳失效'
  - 时间戳失效
  + 收单成功
2021-07-09 10:08:34.718 | INFO     | Log.get_log:info:20 - ---直充订单用例结束执行---
2021-07-09 10:08:34.721 | INFO     | Log.get_log:info:20 - ---卡密订单用例开始执行---
2021-07-09 10:08:34.722 | INFO     | Log.get_log:info:20 - 执行用例Card_001收单成功（回调）
2021-07-09 10:08:34.747 | INFO     | Log.get_log:info:20 - 用例执行成功
2021-07-09 10:08:34.752 | INFO     | Log.get_log:info:20 - 执行用例Card_002收单成功（无回调）
2021-07-09 10:08:34.762 | INFO     | Log.get_log:info:20 - 执行用例Card_003AppKey无效
2021-07-09 10:08:34.782 | INFO     | Log.get_log:info:20 - 用例执行成功
2021-07-09 10:08:34.787 | INFO     | Log.get_log:info:20 - 执行用例Card_004会员无效
2021-07-09 10:08:34.805 | INFO     | Log.get_log:info:20 - 用例执行成功
2021-07-09 10:08:34.811 | INFO     | Log.get_log:info:20 - 执行用例Card_005账户余额不足
2021-07-09 10:08:34.834 | INFO     | Log.get_log:info:20 - 用例执行成功
2021-07-09 10:08:34.839 | INFO     | Log.get_log:info:20 - 执行用例Card_006IP验证失败
2021-07-09 10:08:34.855 | INFO     | Log.get_log:info:20 - 用例执行成功
2021-07-09 10:08:34.861 | INFO     | Log.get_log:info:20 - 执行用例Card_007当前接口不支持此产品
2021-07-09 10:08:34.880 | INFO     | Log.get_log:info:20 - 用例执行成功
2021-07-09 10:08:34.885 | INFO     | Log.get_log:info:20 - 执行用例Card_008当前接口不支持此格式帐号
2021-07-09 10:08:34.914 | ERROR    | Log.get_log:error:32 - 用例执行失败:assert '收单成功' == '当前产品不支持此格式帐号'
  - 当前产品不支持此格式帐号
  + 收单成功
2021-07-09 10:08:34.923 | INFO     | Log.get_log:info:20 - 执行用例Card_009产品配置异常
2021-07-09 10:08:34.947 | INFO     | Log.get_log:info:20 - 用例执行成功
2021-07-09 10:08:34.953 | INFO     | Log.get_log:info:20 - 执行用例Card_010产品编码无法识别
2021-07-09 10:08:34.973 | INFO     | Log.get_log:info:20 - 用例执行成功
2021-07-09 10:08:34.979 | INFO     | Log.get_log:info:20 - 执行用例Card_011ProductCode不能为空
2021-07-09 10:08:34.996 | INFO     | Log.get_log:info:20 - 用例执行成功
2021-07-09 10:08:35.002 | INFO     | Log.get_log:info:20 - 执行用例Card_012ChargeAccount不能为空
2021-07-09 10:08:35.028 | ERROR    | Log.get_log:error:32 - 用例执行失败:assert '收单成功' == 'ChargeAccount不能为空'
  - ChargeAccount不能为空
  + 收单成功
2021-07-09 10:08:35.038 | INFO     | Log.get_log:info:20 - 执行用例Card_013MOrderID不能为空
2021-07-09 10:08:35.064 | ERROR    | Log.get_log:error:32 - 用例执行失败:assert '收单成功' == 'MOrderID不能为空'
  - MOrderID不能为空
  + 收单成功
2021-07-09 10:08:35.073 | INFO     | Log.get_log:info:20 - 执行用例Card_014TimesTamp不能为空
2021-07-09 10:08:35.094 | ERROR    | Log.get_log:error:32 - 用例执行失败:assert '收单成功' == 'TimesTamp不能为空'
  - TimesTamp不能为空
  + 收单成功
2021-07-09 10:08:35.164 | INFO     | Log.get_log:info:20 - 执行用例Card_015AppKey不能为空
2021-07-09 10:08:35.184 | INFO     | Log.get_log:info:20 - 用例执行成功
2021-07-09 10:08:35.190 | INFO     | Log.get_log:info:20 - 执行用例Card_016Version不能为空
2021-07-09 10:08:35.211 | INFO     | Log.get_log:info:20 - 用例执行成功
2021-07-09 10:08:35.216 | INFO     | Log.get_log:info:20 - 执行用例Card_017BuyCount格式错误
2021-07-09 10:08:35.234 | INFO     | Log.get_log:info:20 - 用例执行成功
2021-07-09 10:08:35.240 | INFO     | Log.get_log:info:20 - 执行用例Card_018ChargeAccountType不能为空
2021-07-09 10:08:35.259 | INFO     | Log.get_log:info:20 - 用例执行成功
2021-07-09 10:08:35.264 | INFO     | Log.get_log:info:20 - 执行用例Card_019账户类型错误
2021-07-09 10:08:35.286 | INFO     | Log.get_log:info:20 - 用例执行成功
2021-07-09 10:08:35.299 | INFO     | Log.get_log:info:20 - 执行用例Card_020接口版本错误
2021-07-09 10:08:35.315 | INFO     | Log.get_log:info:20 - 用例执行成功
2021-07-09 10:08:35.321 | INFO     | Log.get_log:info:20 - 执行用例Card_021CallBackUrl不能为空
2021-07-09 10:08:35.338 | INFO     | Log.get_log:info:20 - 用例执行成功
2021-07-09 10:08:35.344 | INFO     | Log.get_log:info:20 - 执行用例Card_022签名错误
2021-07-09 10:08:35.362 | INFO     | Log.get_log:info:20 - 用例执行成功
2021-07-09 10:08:35.368 | INFO     | Log.get_log:info:20 - 执行用例Card_023合作方单号重复
2021-07-09 10:08:35.392 | ERROR    | Log.get_log:error:32 - 用例执行失败:assert '收单成功' == '会员订单号重复'
  - 会员订单号重复
  + 收单成功
2021-07-09 10:08:35.402 | INFO     | Log.get_log:info:20 - 执行用例Card_024时间戳失效
2021-07-09 10:08:35.431 | ERROR    | Log.get_log:error:32 - 用例执行失败:assert '收单成功' == '时间戳失效'
  - 时间戳失效
  + 收单成功
2021-07-09 10:08:35.440 | INFO     | Log.get_log:info:20 - 执行用例Card_025卡密密钥不能为空
2021-07-09 10:08:35.462 | INFO     | Log.get_log:info:20 - 用例执行成功
2021-07-09 10:08:35.468 | INFO     | Log.get_log:info:20 - 执行用例Card_026卡密密钥不合法
2021-07-09 10:08:35.486 | INFO     | Log.get_log:info:20 - 用例执行成功
2021-07-09 10:08:35.490 | INFO     | Log.get_log:info:20 - ---卡密订单用例结束执行---
2021-07-09 10:08:35.492 | INFO     | Log.get_log:info:20 - ---话费订单用例开始执行---
2021-07-09 10:08:35.493 | INFO     | Log.get_log:info:20 - 执行用例Submit_001提交成功
2021-07-09 10:08:35.542 | INFO     | Log.get_log:info:20 - 用例执行成功
2021-07-09 10:08:35.548 | INFO     | Log.get_log:info:20 - 执行用例Submit_002订单重复提交
2021-07-09 10:08:35.575 | ERROR    | Log.get_log:error:32 - 用例执行失败:assert '提交成功' == '订单不存在'
  - 订单不存在
  + 提交成功
2021-07-09 10:08:35.585 | INFO     | Log.get_log:info:20 - 执行用例Submit_003无效的时间戳
2021-07-09 10:08:35.615 | ERROR    | Log.get_log:error:32 - 用例执行失败:assert '提交成功' == '无效的时间戳'
  - 无效的时间戳
  + 提交成功
2021-07-09 10:08:35.624 | INFO     | Log.get_log:info:20 - 执行用例Submit_004请求已超时
2021-07-09 10:08:35.650 | ERROR    | Log.get_log:error:32 - 用例执行失败:assert '提交成功' == '请求已超时'
  - 请求已超时
  + 提交成功
2021-07-09 10:08:35.660 | INFO     | Log.get_log:info:20 - 执行用例Submit_005非法的会员
2021-07-09 10:08:35.679 | INFO     | Log.get_log:info:20 - 用例执行成功
2021-07-09 10:08:35.685 | INFO     | Log.get_log:info:20 - 执行用例Submit_006会员已被禁用
2021-07-09 10:08:35.712 | INFO     | Log.get_log:info:20 - 用例执行成功
2021-07-09 10:08:35.718 | INFO     | Log.get_log:info:20 - 执行用例Submit_007接口账户已被禁用
2021-07-09 10:08:35.740 | INFO     | Log.get_log:info:20 - 用例执行成功
2021-07-09 10:08:35.748 | INFO     | Log.get_log:info:20 - 执行用例Submit_008请求IP地址与邦定IP地址不符
2021-07-09 10:08:35.768 | INFO     | Log.get_log:info:20 - 用例执行成功
2021-07-09 10:08:35.773 | INFO     | Log.get_log:info:20 - 执行用例Submit_009签名错误(apikey 错误)
2021-07-09 10:08:35.792 | INFO     | Log.get_log:info:20 - 用例执行成功
2021-07-09 10:08:35.798 | INFO     | Log.get_log:info:20 - 执行用例Submit_010不支持该产品充值
2021-07-09 10:08:35.821 | INFO     | Log.get_log:info:20 - 用例执行成功
2021-07-09 10:08:35.826 | INFO     | Log.get_log:info:20 - 执行用例Submit_011该产品不支持数量
2021-07-09 10:08:35.852 | ERROR    | Log.get_log:error:32 - 用例执行失败:assert '提交成功' == '该产品不支持数量'
  - 该产品不支持数量
  + 提交成功
2021-07-09 10:08:35.864 | INFO     | Log.get_log:info:20 - 执行用例Submit_012该产品已下架
2021-07-09 10:08:35.889 | INFO     | Log.get_log:info:20 - 用例执行成功
2021-07-09 10:08:35.894 | INFO     | Log.get_log:info:20 - 执行用例Submit_013该产品未配置价格
2021-07-09 10:08:35.922 | INFO     | Log.get_log:info:20 - 用例执行成功
2021-07-09 10:08:35.928 | INFO     | Log.get_log:info:20 - 执行用例Submit_014资金账户余额不足
2021-07-09 10:08:35.953 | INFO     | Log.get_log:info:20 - 用例执行成功
2021-07-09 10:08:35.959 | INFO     | Log.get_log:info:20 - 执行用例Submit_015接口帐号不能为空
2021-07-09 10:08:35.977 | INFO     | Log.get_log:info:20 - 用例执行成功
2021-07-09 10:08:35.983 | INFO     | Log.get_log:info:20 - 执行用例Submit_016会员订单号不能为空
2021-07-09 10:08:36.009 | ERROR    | Log.get_log:error:32 - 用例执行失败:assert '提交成功' == '会员订单号不能为空'
  - 会员订单号不能为空
  + 提交成功
2021-07-09 10:08:36.019 | INFO     | Log.get_log:info:20 - 执行用例Submit_017充值号码不能为空
2021-07-09 10:08:36.040 | INFO     | Log.get_log:info:20 - 用例执行成功
2021-07-09 10:08:36.045 | INFO     | Log.get_log:info:20 - 执行用例Submit_018时间戳不能为空
2021-07-09 10:08:36.077 | ERROR    | Log.get_log:error:32 - 用例执行失败:assert '提交成功' == '时间戳不能为空'
  - 时间戳不能为空
  + 提交成功
2021-07-09 10:08:36.089 | INFO     | Log.get_log:info:20 - 执行用例Submit_019签名不能为空
2021-07-09 10:08:36.113 | ERROR    | Log.get_log:error:32 - 用例执行失败:assert '提交成功' == '签名不能为空'
  - 签名不能为空
  + 提交成功
2021-07-09 10:08:36.122 | INFO     | Log.get_log:info:20 - 执行用例Submit_020无效的面值
2021-07-09 10:08:36.140 | INFO     | Log.get_log:info:20 - 用例执行成功
2021-07-09 10:08:36.145 | INFO     | Log.get_log:info:20 - 执行用例Submit_021无效的产品类型
2021-07-09 10:08:36.153 | INFO     | Log.get_log:info:20 - ---话费订单用例结束执行---
2021-07-09 10:08:36.155 | INFO     | Log.get_log:info:20 - ---短链接生成用例开始执行---
2021-07-09 10:08:36.157 | INFO     | Log.get_log:info:20 - 执行用例Generate_001所有字段正常传入
2021-07-09 10:08:36.166 | INFO     | Log.get_log:info:20 - 用例执行成功
2021-07-09 10:08:36.171 | INFO     | Log.get_log:info:20 - 执行用例Generate_002所有必填字段正常传入
2021-07-09 10:08:36.182 | INFO     | Log.get_log:info:20 - 用例执行成功
2021-07-09 10:08:36.187 | INFO     | Log.get_log:info:20 - 执行用例Generate_003Url为空
2021-07-09 10:08:36.192 | INFO     | Log.get_log:info:20 - 用例执行成功
2021-07-09 10:08:36.197 | INFO     | Log.get_log:info:20 - 执行用例Generate_004Token为空
2021-07-09 10:08:36.201 | INFO     | Log.get_log:info:20 - 用例执行成功
2021-07-09 10:08:36.206 | INFO     | Log.get_log:info:20 - 执行用例Generate_005输入错误的Url
2021-07-09 10:08:36.211 | INFO     | Log.get_log:info:20 - 用例执行成功
2021-07-09 10:08:36.217 | INFO     | Log.get_log:info:20 - 执行用例Generate_006无效Token
2021-07-09 10:08:36.222 | ERROR    | Log.get_log:error:32 - 用例执行失败:assert '100101' == '100104'
  - 100104
  ?      ^
  + 100101
  ?      ^
2021-07-09 10:08:36.229 | INFO     | Log.get_log:info:20 - 执行用例Generate_007无效的域名
2021-07-09 10:08:36.234 | ERROR    | Log.get_log:error:32 - 用例执行失败:assert '100101' == '100105'
  - 100105
  ?      ^
  + 100101
  ?      ^
2021-07-09 10:08:36.241 | INFO     | Log.get_log:info:20 - 执行用例Generate_008会员余额不足
2021-07-09 10:08:36.246 | ERROR    | Log.get_log:error:32 - 用例执行失败:assert '100101' == '100106'
  - 100106
  ?      ^
  + 100101
  ?      ^
2021-07-09 10:08:36.253 | INFO     | Log.get_log:info:20 - 执行用例Generate_009会员无效
2021-07-09 10:08:36.258 | ERROR    | Log.get_log:error:32 - 用例执行失败:assert '100101' == '100107'
  - 100107
  ?      ^
  + 100101
  ?      ^
2021-07-09 10:08:36.265 | INFO     | Log.get_log:info:20 - 执行用例Generate_010IP验证失败
（会员接口白名单配置错误的IP）
2021-07-09 10:08:36.275 | INFO     | Log.get_log:info:20 - 用例执行成功
2021-07-09 10:08:36.279 | INFO     | Log.get_log:info:20 - 执行用例Generate_011传递参数(timestamp)不能为空
2021-07-09 10:08:36.289 | ERROR    | Log.get_log:error:32 - 用例执行失败:assert '100108' == '100109'
  - 100109
  ?      ^
  + 100108
  ?      ^
2021-07-09 10:08:36.296 | INFO     | Log.get_log:info:20 - 执行用例Generate_012传递参数(Sign)不能为空
2021-07-09 10:08:36.306 | ERROR    | Log.get_log:error:32 - 用例执行失败:assert '100108' == '100110'
  - 100110
  ?     -
  + 100108
  ?      +
2021-07-09 10:08:36.313 | INFO     | Log.get_log:info:20 - 执行用例Generate_013时间戳已失效
2021-07-09 10:08:36.323 | ERROR    | Log.get_log:error:32 - 用例执行失败:assert '100108' == '100111'
  - 100111
  + 100108
2021-07-09 10:08:36.330 | INFO     | Log.get_log:info:20 - 执行用例Generate_014签名错误
2021-07-09 10:08:36.337 | INFO     | Log.get_log:info:20 - 用例执行成功
2021-07-09 10:08:36.342 | INFO     | Log.get_log:info:20 - 执行用例Generate_015时间戳有误
2021-07-09 10:08:36.353 | ERROR    | Log.get_log:error:32 - 用例执行失败:assert '100108' == '100113'
  - 100113
  + 100108
2021-07-09 10:08:36.360 | INFO     | Log.get_log:info:20 - 执行用例Generate_016传递参数(DomainName)不能为空
2021-07-09 10:08:36.365 | INFO     | Log.get_log:info:20 - 用例执行成功
2021-07-09 10:08:36.368 | INFO     | Log.get_log:info:20 - ---短链接生成用例结束执行---
