2021-07-09 15:53:38.664 | INFO     | Log.get_log:info:20 - ---直充订单用例开始执行---
2021-07-09 15:53:38.666 | INFO     | Log.get_log:info:20 - 执行用例Direct_001收单成功
2021-07-09 15:53:38.689 | INFO     | Log.get_log:info:20 - 用例执行成功
2021-07-09 15:53:38.695 | INFO     | Log.get_log:info:20 - 执行用例Direct_002收单成功（无回调）
2021-07-09 15:53:38.724 | INFO     | Log.get_log:info:20 - 执行用例Direct_003AppKey无效
2021-07-09 15:53:38.742 | INFO     | Log.get_log:info:20 - 用例执行成功
2021-07-09 15:53:38.748 | INFO     | Log.get_log:info:20 - 执行用例Direct_004会员无效
2021-07-09 15:53:38.771 | INFO     | Log.get_log:info:20 - 用例执行成功
2021-07-09 15:53:38.776 | INFO     | Log.get_log:info:20 - 执行用例Direct_005账户余额不足
2021-07-09 15:53:38.799 | INFO     | Log.get_log:info:20 - 用例执行成功
2021-07-09 15:53:38.804 | INFO     | Log.get_log:info:20 - 执行用例Direct_006IP验证失败
2021-07-09 15:53:38.825 | INFO     | Log.get_log:info:20 - 用例执行成功
2021-07-09 15:53:38.833 | INFO     | Log.get_log:info:20 - 执行用例Direct_007当前接口不支持此产品
2021-07-09 15:53:38.855 | INFO     | Log.get_log:info:20 - 用例执行成功
2021-07-09 15:53:38.861 | INFO     | Log.get_log:info:20 - 执行用例Direct_008当前产品不支持此格式帐号
2021-07-09 15:53:38.889 | ERROR    | Log.get_log:error:32 - 用例执行失败:assert '收单成功' == '当前产品不支持此格式帐号'
  - 当前产品不支持此格式帐号
  + 收单成功
2021-07-09 15:53:38.897 | INFO     | Log.get_log:info:20 - 执行用例Direct_009产品配置异常
2021-07-09 15:53:38.922 | INFO     | Log.get_log:info:20 - 用例执行成功
2021-07-09 15:53:38.928 | INFO     | Log.get_log:info:20 - 执行用例Direct_010产品编码无法识别
2021-07-09 15:53:38.953 | INFO     | Log.get_log:info:20 - 用例执行成功
2021-07-09 15:53:38.961 | INFO     | Log.get_log:info:20 - 执行用例Direct_011ProductCode不能为空
2021-07-09 15:53:38.982 | INFO     | Log.get_log:info:20 - 用例执行成功
2021-07-09 15:53:38.989 | INFO     | Log.get_log:info:20 - 执行用例Direct_012ChargeAccount不能为空
2021-07-09 15:53:39.013 | INFO     | Log.get_log:info:20 - 用例执行成功
2021-07-09 15:53:39.018 | INFO     | Log.get_log:info:20 - 执行用例Direct_013MOrderID不能为空
2021-07-09 15:53:39.053 | ERROR    | Log.get_log:error:32 - 用例执行失败:assert '收单成功' == 'MOrderID不能为空'
  - MOrderID不能为空
  + 收单成功
2021-07-09 15:53:39.061 | INFO     | Log.get_log:info:20 - 执行用例Direct_014TimesTamp不能为空
2021-07-09 15:53:39.087 | ERROR    | Log.get_log:error:32 - 用例执行失败:assert '收单成功' == 'TimesTamp不能为空'
  - TimesTamp不能为空
  + 收单成功
2021-07-09 15:53:39.095 | INFO     | Log.get_log:info:20 - 执行用例Direct_015AppKey不能为空
2021-07-09 15:53:39.111 | INFO     | Log.get_log:info:20 - 用例执行成功
2021-07-09 15:53:39.118 | INFO     | Log.get_log:info:20 - 执行用例Direct_016Version不能为空
2021-07-09 15:53:39.137 | INFO     | Log.get_log:info:20 - 用例执行成功
2021-07-09 15:53:39.143 | INFO     | Log.get_log:info:20 - 执行用例Direct_017BuyCount格式错误
2021-07-09 15:53:39.160 | INFO     | Log.get_log:info:20 - 用例执行成功
2021-07-09 15:53:39.166 | INFO     | Log.get_log:info:20 - 执行用例Direct_018ChargeAccountType不能为空
2021-07-09 15:53:39.192 | INFO     | Log.get_log:info:20 - 用例执行成功
2021-07-09 15:53:39.199 | INFO     | Log.get_log:info:20 - 执行用例Direct_019账户类型错误
2021-07-09 15:53:39.221 | INFO     | Log.get_log:info:20 - 用例执行成功
2021-07-09 15:53:39.226 | INFO     | Log.get_log:info:20 - 执行用例Direct_020接口版本错误
2021-07-09 15:53:39.244 | INFO     | Log.get_log:info:20 - 用例执行成功
2021-07-09 15:53:39.251 | INFO     | Log.get_log:info:20 - 执行用例Direct_021CallBackUrl不能为空
2021-07-09 15:53:39.267 | INFO     | Log.get_log:info:20 - 用例执行成功
2021-07-09 15:53:39.273 | INFO     | Log.get_log:info:20 - 执行用例Direct_022签名错误
2021-07-09 15:53:39.297 | INFO     | Log.get_log:info:20 - 用例执行成功
2021-07-09 15:53:39.302 | INFO     | Log.get_log:info:20 - 执行用例Direct_023合作方单号重复
2021-07-09 15:53:39.326 | ERROR    | Log.get_log:error:32 - 用例执行失败:assert '收单成功' == '会员订单号重复'
  - 会员订单号重复
  + 收单成功
2021-07-09 15:53:39.335 | INFO     | Log.get_log:info:20 - 执行用例Direct_024时间戳失效
2021-07-09 15:53:39.361 | ERROR    | Log.get_log:error:32 - 用例执行失败:assert '收单成功' == '时间戳失效'
  - 时间戳失效
  + 收单成功
2021-07-09 15:53:39.367 | INFO     | Log.get_log:info:20 - ---直充订单用例结束执行---
2021-07-09 15:53:39.369 | INFO     | Log.get_log:info:20 - ---卡密订单用例开始执行---
2021-07-09 15:53:39.371 | INFO     | Log.get_log:info:20 - 执行用例Card_001收单成功（回调）
2021-07-09 15:53:39.402 | INFO     | Log.get_log:info:20 - 用例执行成功
2021-07-09 15:53:39.407 | INFO     | Log.get_log:info:20 - 执行用例Card_002收单成功（无回调）
2021-07-09 15:53:39.415 | INFO     | Log.get_log:info:20 - 执行用例Card_003AppKey无效
2021-07-09 15:53:39.433 | INFO     | Log.get_log:info:20 - 用例执行成功
2021-07-09 15:53:39.439 | INFO     | Log.get_log:info:20 - 执行用例Card_004会员无效
2021-07-09 15:53:39.457 | INFO     | Log.get_log:info:20 - 用例执行成功
2021-07-09 15:53:39.463 | INFO     | Log.get_log:info:20 - 执行用例Card_005账户余额不足
2021-07-09 15:53:39.498 | INFO     | Log.get_log:info:20 - 用例执行成功
2021-07-09 15:53:39.503 | INFO     | Log.get_log:info:20 - 执行用例Card_006IP验证失败
2021-07-09 15:53:39.529 | INFO     | Log.get_log:info:20 - 用例执行成功
2021-07-09 15:53:39.535 | INFO     | Log.get_log:info:20 - 执行用例Card_007当前接口不支持此产品
2021-07-09 15:53:39.554 | INFO     | Log.get_log:info:20 - 用例执行成功
2021-07-09 15:53:39.559 | INFO     | Log.get_log:info:20 - 执行用例Card_008当前接口不支持此格式帐号
2021-07-09 15:53:39.584 | ERROR    | Log.get_log:error:32 - 用例执行失败:assert '收单成功' == '当前产品不支持此格式帐号'
  - 当前产品不支持此格式帐号
  + 收单成功
2021-07-09 15:53:39.591 | INFO     | Log.get_log:info:20 - 执行用例Card_009产品配置异常
2021-07-09 15:53:39.614 | INFO     | Log.get_log:info:20 - 用例执行成功
2021-07-09 15:53:39.620 | INFO     | Log.get_log:info:20 - 执行用例Card_010产品编码无法识别
2021-07-09 15:53:39.643 | INFO     | Log.get_log:info:20 - 用例执行成功
2021-07-09 15:53:39.649 | INFO     | Log.get_log:info:20 - 执行用例Card_011ProductCode不能为空
2021-07-09 15:53:39.667 | INFO     | Log.get_log:info:20 - 用例执行成功
2021-07-09 15:53:39.673 | INFO     | Log.get_log:info:20 - 执行用例Card_012ChargeAccount不能为空
2021-07-09 15:53:39.704 | ERROR    | Log.get_log:error:32 - 用例执行失败:assert '收单成功' == 'ChargeAccount不能为空'
  - ChargeAccount不能为空
  + 收单成功
2021-07-09 15:53:39.711 | INFO     | Log.get_log:info:20 - 执行用例Card_013MOrderID不能为空
2021-07-09 15:53:39.740 | ERROR    | Log.get_log:error:32 - 用例执行失败:assert '收单成功' == 'MOrderID不能为空'
  - MOrderID不能为空
  + 收单成功
2021-07-09 15:53:39.748 | INFO     | Log.get_log:info:20 - 执行用例Card_014TimesTamp不能为空
2021-07-09 15:53:39.780 | ERROR    | Log.get_log:error:32 - 用例执行失败:assert '收单成功' == 'TimesTamp不能为空'
  - TimesTamp不能为空
  + 收单成功
2021-07-09 15:53:39.789 | INFO     | Log.get_log:info:20 - 执行用例Card_015AppKey不能为空
2021-07-09 15:53:39.806 | INFO     | Log.get_log:info:20 - 用例执行成功
2021-07-09 15:53:39.811 | INFO     | Log.get_log:info:20 - 执行用例Card_016Version不能为空
2021-07-09 15:53:39.833 | INFO     | Log.get_log:info:20 - 用例执行成功
2021-07-09 15:53:39.839 | INFO     | Log.get_log:info:20 - 执行用例Card_017BuyCount格式错误
2021-07-09 15:53:39.859 | INFO     | Log.get_log:info:20 - 用例执行成功
2021-07-09 15:53:39.865 | INFO     | Log.get_log:info:20 - 执行用例Card_018ChargeAccountType不能为空
2021-07-09 15:53:39.884 | INFO     | Log.get_log:info:20 - 用例执行成功
2021-07-09 15:53:39.890 | INFO     | Log.get_log:info:20 - 执行用例Card_019账户类型错误
2021-07-09 15:53:39.913 | INFO     | Log.get_log:info:20 - 用例执行成功
2021-07-09 15:53:39.919 | INFO     | Log.get_log:info:20 - 执行用例Card_020接口版本错误
2021-07-09 15:53:39.941 | INFO     | Log.get_log:info:20 - 用例执行成功
2021-07-09 15:53:39.947 | INFO     | Log.get_log:info:20 - 执行用例Card_021CallBackUrl不能为空
2021-07-09 15:53:39.970 | INFO     | Log.get_log:info:20 - 用例执行成功
2021-07-09 15:53:39.976 | INFO     | Log.get_log:info:20 - 执行用例Card_022签名错误
2021-07-09 15:53:40.012 | INFO     | Log.get_log:info:20 - 用例执行成功
2021-07-09 15:53:40.017 | INFO     | Log.get_log:info:20 - 执行用例Card_023合作方单号重复
2021-07-09 15:53:40.066 | ERROR    | Log.get_log:error:32 - 用例执行失败:assert '收单成功' == '会员订单号重复'
  - 会员订单号重复
  + 收单成功
2021-07-09 15:53:40.073 | INFO     | Log.get_log:info:20 - 执行用例Card_024时间戳失效
2021-07-09 15:53:40.116 | ERROR    | Log.get_log:error:32 - 用例执行失败:assert '收单成功' == '时间戳失效'
  - 时间戳失效
  + 收单成功
2021-07-09 15:53:40.124 | INFO     | Log.get_log:info:20 - 执行用例Card_025卡密密钥不能为空
2021-07-09 15:53:40.150 | INFO     | Log.get_log:info:20 - 用例执行成功
2021-07-09 15:53:40.155 | INFO     | Log.get_log:info:20 - 执行用例Card_026卡密密钥不合法
2021-07-09 15:53:40.180 | INFO     | Log.get_log:info:20 - 用例执行成功
2021-07-09 15:53:40.184 | INFO     | Log.get_log:info:20 - ---卡密订单用例结束执行---
2021-07-09 15:53:40.186 | INFO     | Log.get_log:info:20 - ---话费订单用例开始执行---
2021-07-09 15:53:40.188 | INFO     | Log.get_log:info:20 - 执行用例Submit_001提交成功
2021-07-09 15:53:40.228 | INFO     | Log.get_log:info:20 - 用例执行成功
2021-07-09 15:53:40.234 | INFO     | Log.get_log:info:20 - 执行用例Submit_002订单重复提交
2021-07-09 15:53:40.263 | ERROR    | Log.get_log:error:32 - 用例执行失败:assert '提交成功' == '订单不存在'
  - 订单不存在
  + 提交成功
2021-07-09 15:53:40.271 | INFO     | Log.get_log:info:20 - 执行用例Submit_003无效的时间戳
2021-07-09 15:53:40.306 | ERROR    | Log.get_log:error:32 - 用例执行失败:assert '提交成功' == '无效的时间戳'
  - 无效的时间戳
  + 提交成功
2021-07-09 15:53:40.314 | INFO     | Log.get_log:info:20 - 执行用例Submit_004请求已超时
2021-07-09 15:53:40.353 | ERROR    | Log.get_log:error:32 - 用例执行失败:assert '提交成功' == '请求已超时'
  - 请求已超时
  + 提交成功
2021-07-09 15:53:40.360 | INFO     | Log.get_log:info:20 - 执行用例Submit_005非法的会员
2021-07-09 15:53:40.393 | INFO     | Log.get_log:info:20 - 用例执行成功
2021-07-09 15:53:40.399 | INFO     | Log.get_log:info:20 - 执行用例Submit_006会员已被禁用
2021-07-09 15:53:40.435 | INFO     | Log.get_log:info:20 - 用例执行成功
2021-07-09 15:53:40.441 | INFO     | Log.get_log:info:20 - 执行用例Submit_007接口账户已被禁用
2021-07-09 15:53:40.478 | INFO     | Log.get_log:info:20 - 用例执行成功
2021-07-09 15:53:40.484 | INFO     | Log.get_log:info:20 - 执行用例Submit_008请求IP地址与邦定IP地址不符
2021-07-09 15:53:41.510 | INFO     | Log.get_log:info:20 - 用例执行成功
2021-07-09 15:53:41.516 | INFO     | Log.get_log:info:20 - 执行用例Submit_009签名错误(apikey 错误)
2021-07-09 15:53:41.532 | INFO     | Log.get_log:info:20 - 用例执行成功
2021-07-09 15:53:41.538 | INFO     | Log.get_log:info:20 - 执行用例Submit_010不支持该产品充值
2021-07-09 15:53:41.563 | INFO     | Log.get_log:info:20 - 用例执行成功
2021-07-09 15:53:41.569 | INFO     | Log.get_log:info:20 - 执行用例Submit_011该产品不支持数量
2021-07-09 15:53:41.597 | ERROR    | Log.get_log:error:32 - 用例执行失败:assert '提交成功' == '该产品不支持数量'
  - 该产品不支持数量
  + 提交成功
2021-07-09 15:53:41.604 | INFO     | Log.get_log:info:20 - 执行用例Submit_012该产品已下架
2021-07-09 15:53:41.623 | INFO     | Log.get_log:info:20 - 用例执行成功
2021-07-09 15:53:41.629 | INFO     | Log.get_log:info:20 - 执行用例Submit_013该产品未配置价格
2021-07-09 15:53:41.652 | INFO     | Log.get_log:info:20 - 用例执行成功
2021-07-09 15:53:41.658 | INFO     | Log.get_log:info:20 - 执行用例Submit_014资金账户余额不足
2021-07-09 15:53:41.688 | INFO     | Log.get_log:info:20 - 用例执行成功
2021-07-09 15:53:41.693 | INFO     | Log.get_log:info:20 - 执行用例Submit_015接口帐号不能为空
2021-07-09 15:53:41.712 | INFO     | Log.get_log:info:20 - 用例执行成功
2021-07-09 15:53:41.717 | INFO     | Log.get_log:info:20 - 执行用例Submit_016会员订单号不能为空
2021-07-09 15:53:41.743 | ERROR    | Log.get_log:error:32 - 用例执行失败:assert '提交成功' == '会员订单号不能为空'
  - 会员订单号不能为空
  + 提交成功
2021-07-09 15:53:41.751 | INFO     | Log.get_log:info:20 - 执行用例Submit_017充值号码不能为空
2021-07-09 15:53:41.780 | INFO     | Log.get_log:info:20 - 用例执行成功
2021-07-09 15:53:41.786 | INFO     | Log.get_log:info:20 - 执行用例Submit_018时间戳不能为空
2021-07-09 15:53:41.809 | ERROR    | Log.get_log:error:32 - 用例执行失败:assert '提交成功' == '时间戳不能为空'
  - 时间戳不能为空
  + 提交成功
2021-07-09 15:53:41.816 | INFO     | Log.get_log:info:20 - 执行用例Submit_019签名不能为空
2021-07-09 15:53:41.846 | ERROR    | Log.get_log:error:32 - 用例执行失败:assert '提交成功' == '签名不能为空'
  - 签名不能为空
  + 提交成功
2021-07-09 15:53:41.854 | INFO     | Log.get_log:info:20 - 执行用例Submit_020无效的面值
2021-07-09 15:53:41.871 | INFO     | Log.get_log:info:20 - 用例执行成功
2021-07-09 15:53:41.876 | INFO     | Log.get_log:info:20 - 执行用例Submit_021无效的产品类型
2021-07-09 15:53:41.882 | INFO     | Log.get_log:info:20 - ---话费订单用例结束执行---
2021-07-09 15:53:41.884 | INFO     | Log.get_log:info:20 - ---积分卡提取用例开始执行---
2021-07-09 15:53:41.886 | INFO     | Log.get_log:info:20 - 执行用例getcodedata
_001所有字段正常传入
2021-07-09 15:53:42.172 | ERROR    | Log.get_log:error:32 - 用例执行失败:Expecting ',' delimiter: line 1 column 51 (char 50)
2021-07-09 15:53:42.193 | INFO     | Log.get_log:info:20 - 执行用例getcodedata
_002渠道账号为空
2021-07-09 15:53:42.328 | INFO     | Log.get_log:info:20 - 用例执行成功
2021-07-09 15:53:42.332 | INFO     | Log.get_log:info:20 - 执行用例getcodedata
_003
传入不存在的渠道账号
2021-07-09 15:53:42.489 | INFO     | Log.get_log:info:20 - 用例执行成功
2021-07-09 15:53:42.494 | INFO     | Log.get_log:info:20 - 执行用例getcodedata
_004后台渠道提取帐号禁用
2021-07-09 15:53:42.637 | INFO     | Log.get_log:info:20 - 用例执行成功
2021-07-09 15:53:42.642 | INFO     | Log.get_log:info:20 - 执行用例getcodedata
_005后台配置了限制IP
2021-07-09 15:53:42.786 | INFO     | Log.get_log:info:20 - 用例执行成功
2021-07-09 15:53:42.791 | INFO     | Log.get_log:info:20 - 执行用例getcodedata
_006渠道提取帐号金额不足
2021-07-09 15:53:43.090 | INFO     | Log.get_log:info:20 - 用例执行成功
2021-07-09 15:53:43.095 | INFO     | Log.get_log:info:20 - 执行用例getcodedata
_007号码为空
2021-07-09 15:53:43.245 | INFO     | Log.get_log:info:20 - 用例执行成功
2021-07-09 15:53:43.251 | INFO     | Log.get_log:info:20 - 执行用例getcodedata
_008号码包含字母特殊字符空格
2021-07-09 15:53:43.559 | ERROR    | Log.get_log:error:32 - 用例执行失败:assert '成功' == '其他异常'
  - 其他异常
  + 成功
2021-07-09 15:53:43.566 | INFO     | Log.get_log:info:20 - 执行用例getcodedata
_009订单号为空
2021-07-09 15:53:43.755 | ERROR    | Log.get_log:error:32 - 用例执行失败:assert '重复请求,已制过码,订单已存在' == '其他异常'
  - 其他异常
  + 重复请求,已制过码,订单已存在
2021-07-09 15:53:43.762 | INFO     | Log.get_log:info:20 - 执行用例getcodedata
_010订单号包含字母特殊字符空格
2021-07-09 15:53:43.965 | ERROR    | Log.get_log:error:32 - 用例执行失败:assert '重复请求,已制过码,订单已存在' == '其他异常'
  - 其他异常
  + 重复请求,已制过码,订单已存在
2021-07-09 15:53:43.973 | INFO     | Log.get_log:info:20 - 执行用例getcodedata
_011订单已存在
2021-07-09 15:53:44.171 | ERROR    | Log.get_log:error:32 - 用例执行失败:Expecting property name enclosed in double quotes: line 1 column 2 (char 1)
2021-07-09 15:53:44.188 | INFO     | Log.get_log:info:20 - 执行用例getcodedata
_012商品编号为空
2021-07-09 15:53:44.450 | ERROR    | Log.get_log:error:32 - 用例执行失败:assert '所提取的数量不足' == '其他异常'
  - 其他异常
  + 所提取的数量不足
2021-07-09 15:53:44.458 | INFO     | Log.get_log:info:20 - 执行用例getcodedata
_013商品编码不存在
2021-07-09 15:53:44.744 | ERROR    | Log.get_log:error:32 - 用例执行失败:assert '所提取的数量不足' == '其他异常'
  - 其他异常
  + 所提取的数量不足
2021-07-09 15:53:44.751 | INFO     | Log.get_log:info:20 - 执行用例getcodedata
_014商品编码包含字母特殊字符空格
2021-07-09 15:53:45.030 | ERROR    | Log.get_log:error:32 - 用例执行失败:assert '所提取的数量不足' == '其他异常'
  - 其他异常
  + 所提取的数量不足
2021-07-09 15:53:45.038 | INFO     | Log.get_log:info:20 - 执行用例getcodedata
_015积分卡数量不足
2021-07-09 15:53:45.315 | INFO     | Log.get_log:info:20 - 用例执行成功
2021-07-09 15:53:45.321 | INFO     | Log.get_log:info:20 - 执行用例getcodedata
_016购买数为空
2021-07-09 15:53:45.609 | ERROR    | Log.get_log:error:32 - 用例执行失败:assert '提取数量必须大于1' == '其他异常'
  - 其他异常
  + 提取数量必须大于1
2021-07-09 15:53:45.617 | INFO     | Log.get_log:info:20 - 执行用例getcodedata
_017购买数为0
2021-07-09 15:53:45.900 | ERROR    | Log.get_log:error:32 - 用例执行失败:Expecting property name enclosed in double quotes: line 1 column 2 (char 1)
2021-07-09 15:53:45.916 | INFO     | Log.get_log:info:20 - 执行用例getcodedata
_018购买数包含字母特殊字符空格
2021-07-09 15:53:46.204 | ERROR    | Log.get_log:error:32 - 用例执行失败:Expecting property name enclosed in double quotes: line 1 column 2 (char 1)
2021-07-09 15:53:46.220 | INFO     | Log.get_log:info:20 - 执行用例getcodedata
_019有效期为空
2021-07-09 15:53:46.357 | INFO     | Log.get_log:info:20 - 用例执行成功
2021-07-09 15:53:46.363 | INFO     | Log.get_log:info:20 - 执行用例getcodedata
_020有效期格式错误
2021-07-09 15:53:46.512 | INFO     | Log.get_log:info:20 - 用例执行成功
2021-07-09 15:53:46.517 | INFO     | Log.get_log:info:20 - 执行用例getcodedata
_021有效期过期
2021-07-09 15:53:46.810 | ERROR    | Log.get_log:error:32 - 用例执行失败:assert '成功' == '参数异常'
  - 参数异常
  + 成功
2021-07-09 15:53:46.818 | INFO     | Log.get_log:info:20 - 执行用例getcodedata
_022开始时间为空
2021-07-09 15:53:46.948 | INFO     | Log.get_log:info:20 - 用例执行成功
2021-07-09 15:53:46.953 | INFO     | Log.get_log:info:20 - 执行用例getcodedata
_023开始时间格式错误
2021-07-09 15:53:47.088 | INFO     | Log.get_log:info:20 - 用例执行成功
2021-07-09 15:53:47.093 | INFO     | Log.get_log:info:20 - 执行用例getcodedata
_024开始时间未开始
2021-07-09 15:53:47.370 | ERROR    | Log.get_log:error:32 - 用例执行失败:assert '成功' == '参数异常'
  - 参数异常
  + 成功
2021-07-09 15:53:47.379 | INFO     | Log.get_log:info:20 - 执行用例getcodedata
_025签名为空
2021-07-09 15:53:47.522 | INFO     | Log.get_log:info:20 - 用例执行成功
2021-07-09 15:53:47.525 | INFO     | Log.get_log:info:20 - ---积分卡提取用例结束执行---
2021-07-09 15:53:47.527 | INFO     | Log.get_log:info:20 - ---短链接生成用例开始执行---
2021-07-09 15:53:47.529 | INFO     | Log.get_log:info:20 - 执行用例Generate_001所有字段正常传入
2021-07-09 15:53:47.561 | INFO     | Log.get_log:info:20 - 用例执行成功
2021-07-09 15:53:47.566 | INFO     | Log.get_log:info:20 - 执行用例Generate_002所有必填字段正常传入
2021-07-09 15:53:47.586 | INFO     | Log.get_log:info:20 - 用例执行成功
2021-07-09 15:53:47.592 | INFO     | Log.get_log:info:20 - 执行用例Generate_003Url为空
2021-07-09 15:53:47.597 | INFO     | Log.get_log:info:20 - 用例执行成功
2021-07-09 15:53:47.602 | INFO     | Log.get_log:info:20 - 执行用例Generate_004Token为空
2021-07-09 15:53:47.607 | INFO     | Log.get_log:info:20 - 用例执行成功
2021-07-09 15:53:47.613 | INFO     | Log.get_log:info:20 - 执行用例Generate_005输入错误的Url
2021-07-09 15:53:47.618 | INFO     | Log.get_log:info:20 - 用例执行成功
2021-07-09 15:53:47.623 | INFO     | Log.get_log:info:20 - 执行用例Generate_006无效Token
2021-07-09 15:53:47.629 | INFO     | Log.get_log:info:20 - 用例执行成功
2021-07-09 15:53:47.634 | INFO     | Log.get_log:info:20 - 执行用例Generate_007无效的域名
2021-07-09 15:53:47.642 | ERROR    | Log.get_log:error:32 - 用例执行失败:assert '100104' == '100105'
  - 100105
  ?      ^
  + 100104
  ?      ^
2021-07-09 15:53:47.648 | INFO     | Log.get_log:info:20 - 执行用例Generate_008会员余额不足
2021-07-09 15:53:47.656 | INFO     | Log.get_log:info:20 - 用例执行成功
2021-07-09 15:53:47.662 | INFO     | Log.get_log:info:20 - 执行用例Generate_009会员无效
2021-07-09 15:53:47.676 | INFO     | Log.get_log:info:20 - 用例执行成功
2021-07-09 15:53:47.681 | INFO     | Log.get_log:info:20 - 执行用例Generate_010IP验证失败
（会员接口白名单配置错误的IP）
2021-07-09 15:53:47.691 | INFO     | Log.get_log:info:20 - 用例执行成功
2021-07-09 15:53:47.696 | INFO     | Log.get_log:info:20 - 执行用例Generate_011传递参数(timestamp)不能为空
2021-07-09 15:53:47.706 | ERROR    | Log.get_log:error:32 - 用例执行失败:assert '100108' == '100109'
  - 100109
  ?      ^
  + 100108
  ?      ^
2021-07-09 15:53:47.713 | INFO     | Log.get_log:info:20 - 执行用例Generate_012传递参数(Sign)不能为空
2021-07-09 15:53:47.723 | ERROR    | Log.get_log:error:32 - 用例执行失败:assert '100108' == '100110'
  - 100110
  ?     -
  + 100108
  ?      +
2021-07-09 15:53:47.730 | INFO     | Log.get_log:info:20 - 执行用例Generate_013时间戳已失效
2021-07-09 15:53:47.739 | ERROR    | Log.get_log:error:32 - 用例执行失败:assert '100108' == '100111'
  - 100111
  + 100108
2021-07-09 15:53:47.746 | INFO     | Log.get_log:info:20 - 执行用例Generate_014签名错误
2021-07-09 15:53:47.752 | INFO     | Log.get_log:info:20 - 用例执行成功
2021-07-09 15:53:47.757 | INFO     | Log.get_log:info:20 - 执行用例Generate_015时间戳有误
2021-07-09 15:53:47.769 | ERROR    | Log.get_log:error:32 - 用例执行失败:assert '100108' == '100113'
  - 100113
  + 100108
2021-07-09 15:53:47.776 | INFO     | Log.get_log:info:20 - 执行用例Generate_016传递参数(DomainName)不能为空
2021-07-09 15:53:47.781 | INFO     | Log.get_log:info:20 - 用例执行成功
2021-07-09 15:53:47.784 | INFO     | Log.get_log:info:20 - ---短链接生成用例结束执行---
