2021-07-09 15:35:29.782 | INFO     | Log.get_log:info:20 - ---积分卡提取用例开始执行---
2021-07-09 15:35:29.783 | INFO     | Log.get_log:info:20 - 执行用例getcodedata
_001所有字段正常传入
2021-07-09 15:35:30.071 | ERROR    | Log.get_log:error:32 - 用例执行失败:Expecting ',' delimiter: line 1 column 51 (char 50)
2021-07-09 15:35:30.132 | INFO     | Log.get_log:info:20 - 执行用例getcodedata
_002渠道账号为空
2021-07-09 15:35:30.267 | INFO     | Log.get_log:info:20 - 用例执行成功
2021-07-09 15:35:30.272 | INFO     | Log.get_log:info:20 - 执行用例getcodedata
_003
传入不存在的渠道账号
2021-07-09 15:35:30.420 | INFO     | Log.get_log:info:20 - 用例执行成功
2021-07-09 15:35:30.426 | INFO     | Log.get_log:info:20 - 执行用例getcodedata
_004后台渠道提取帐号禁用
2021-07-09 15:35:30.569 | INFO     | Log.get_log:info:20 - 用例执行成功
2021-07-09 15:35:30.576 | INFO     | Log.get_log:info:20 - 执行用例getcodedata
_005后台配置了限制IP
2021-07-09 15:35:30.710 | INFO     | Log.get_log:info:20 - 用例执行成功
2021-07-09 15:35:30.716 | INFO     | Log.get_log:info:20 - 执行用例getcodedata
_006渠道提取帐号金额不足
2021-07-09 15:35:30.983 | ERROR    | Log.get_log:error:32 - 用例执行失败:assert '所提取的数量不足' == '授信金额不足'
  - 授信金额不足
  + 所提取的数量不足
2021-07-09 15:35:30.991 | INFO     | Log.get_log:info:20 - 执行用例getcodedata
_007号码为空
2021-07-09 15:35:31.127 | INFO     | Log.get_log:info:20 - 用例执行成功
2021-07-09 15:35:31.132 | INFO     | Log.get_log:info:20 - 执行用例getcodedata
_008号码包含字母特殊字符空格
2021-07-09 15:35:31.420 | ERROR    | Log.get_log:error:32 - 用例执行失败:assert '所提取的数量不足' == '其他异常'
  - 其他异常
  + 所提取的数量不足
2021-07-09 15:35:31.430 | INFO     | Log.get_log:info:20 - 执行用例getcodedata
_009订单号为空
2021-07-09 15:35:31.709 | ERROR    | Log.get_log:error:32 - 用例执行失败:assert '所提取的数量不足' == '其他异常'
  - 其他异常
  + 所提取的数量不足
2021-07-09 15:35:31.718 | INFO     | Log.get_log:info:20 - 执行用例getcodedata
_010订单号包含字母特殊字符空格
2021-07-09 15:35:31.994 | ERROR    | Log.get_log:error:32 - 用例执行失败:assert '所提取的数量不足' == '其他异常'
  - 其他异常
  + 所提取的数量不足
2021-07-09 15:35:32.002 | INFO     | Log.get_log:info:20 - 执行用例getcodedata
_011订单已存在
2021-07-09 15:35:32.275 | ERROR    | Log.get_log:error:32 - 用例执行失败:Expecting property name enclosed in double quotes: line 1 column 2 (char 1)
2021-07-09 15:35:32.293 | INFO     | Log.get_log:info:20 - 执行用例getcodedata
_012商品编号为空
2021-07-09 15:35:32.575 | ERROR    | Log.get_log:error:32 - 用例执行失败:assert '所提取的数量不足' == '其他异常'
  - 其他异常
  + 所提取的数量不足
2021-07-09 15:35:32.583 | INFO     | Log.get_log:info:20 - 执行用例getcodedata
_013商品编码不存在
2021-07-09 15:35:32.864 | ERROR    | Log.get_log:error:32 - 用例执行失败:assert '所提取的数量不足' == '其他异常'
  - 其他异常
  + 所提取的数量不足
2021-07-09 15:35:32.874 | INFO     | Log.get_log:info:20 - 执行用例getcodedata
_014商品编码包含字母特殊字符空格
2021-07-09 15:35:33.165 | ERROR    | Log.get_log:error:32 - 用例执行失败:assert '所提取的数量不足' == '其他异常'
  - 其他异常
  + 所提取的数量不足
2021-07-09 15:35:33.173 | INFO     | Log.get_log:info:20 - 执行用例getcodedata
_015积分卡数量不足
2021-07-09 15:35:33.463 | INFO     | Log.get_log:info:20 - 用例执行成功
2021-07-09 15:35:33.469 | INFO     | Log.get_log:info:20 - 执行用例getcodedata
_016购买数为空
2021-07-09 15:35:33.746 | ERROR    | Log.get_log:error:32 - 用例执行失败:assert '提取数量必须大于1' == '其他异常'
  - 其他异常
  + 提取数量必须大于1
2021-07-09 15:35:33.753 | INFO     | Log.get_log:info:20 - 执行用例getcodedata
_017购买数为0
2021-07-09 15:35:34.038 | ERROR    | Log.get_log:error:32 - 用例执行失败:Expecting property name enclosed in double quotes: line 1 column 2 (char 1)
2021-07-09 15:35:34.061 | INFO     | Log.get_log:info:20 - 执行用例getcodedata
_018购买数包含字母特殊字符空格
2021-07-09 15:35:34.349 | ERROR    | Log.get_log:error:32 - 用例执行失败:Expecting property name enclosed in double quotes: line 1 column 2 (char 1)
2021-07-09 15:35:34.365 | INFO     | Log.get_log:info:20 - 执行用例getcodedata
_019有效期为空
2021-07-09 15:35:34.509 | INFO     | Log.get_log:info:20 - 用例执行成功
2021-07-09 15:35:34.516 | INFO     | Log.get_log:info:20 - 执行用例getcodedata
_020有效期格式错误
2021-07-09 15:35:34.645 | INFO     | Log.get_log:info:20 - 用例执行成功
2021-07-09 15:35:34.650 | INFO     | Log.get_log:info:20 - 执行用例getcodedata
_021有效期过期
2021-07-09 15:35:34.937 | ERROR    | Log.get_log:error:32 - 用例执行失败:assert '所提取的数量不足' == '参数异常'
  - 参数异常
  + 所提取的数量不足
2021-07-09 15:35:34.946 | INFO     | Log.get_log:info:20 - 执行用例getcodedata
_022开始时间为空
2021-07-09 15:35:35.082 | INFO     | Log.get_log:info:20 - 用例执行成功
2021-07-09 15:35:35.088 | INFO     | Log.get_log:info:20 - 执行用例getcodedata
_023开始时间格式错误
2021-07-09 15:35:35.215 | INFO     | Log.get_log:info:20 - 用例执行成功
2021-07-09 15:35:35.220 | INFO     | Log.get_log:info:20 - 执行用例getcodedata
_024开始时间未开始
2021-07-09 15:35:35.511 | ERROR    | Log.get_log:error:32 - 用例执行失败:assert '所提取的数量不足' == '参数异常'
  - 参数异常
  + 所提取的数量不足
2021-07-09 15:35:35.519 | INFO     | Log.get_log:info:20 - 执行用例getcodedata
_025签名为空
2021-07-09 15:35:35.656 | INFO     | Log.get_log:info:20 - 用例执行成功
2021-07-09 15:35:35.660 | INFO     | Log.get_log:info:20 - ---积分卡提取用例结束执行---
