2021-07-09 15:52:44.593 | INFO     | Log.get_log:info:20 - ---直充订单用例开始执行---
2021-07-09 15:52:44.595 | INFO     | Log.get_log:info:20 - 执行用例Direct_001收单成功
2021-07-09 15:52:44.619 | INFO     | Log.get_log:info:20 - 用例执行成功
2021-07-09 15:52:44.631 | INFO     | Log.get_log:info:20 - 执行用例Direct_002收单成功（无回调）
2021-07-09 15:52:44.659 | INFO     | Log.get_log:info:20 - 执行用例Direct_003AppKey无效
2021-07-09 15:52:44.677 | INFO     | Log.get_log:info:20 - 用例执行成功
2021-07-09 15:52:44.683 | INFO     | Log.get_log:info:20 - 执行用例Direct_004会员无效
2021-07-09 15:52:44.703 | INFO     | Log.get_log:info:20 - 用例执行成功
2021-07-09 15:52:44.709 | INFO     | Log.get_log:info:20 - 执行用例Direct_005账户余额不足
2021-07-09 15:52:44.727 | INFO     | Log.get_log:info:20 - 用例执行成功
2021-07-09 15:52:44.733 | INFO     | Log.get_log:info:20 - 执行用例Direct_006IP验证失败
2021-07-09 15:52:44.755 | INFO     | Log.get_log:info:20 - 用例执行成功
2021-07-09 15:52:44.760 | INFO     | Log.get_log:info:20 - 执行用例Direct_007当前接口不支持此产品
2021-07-09 15:52:44.788 | INFO     | Log.get_log:info:20 - 用例执行成功
2021-07-09 15:52:44.795 | INFO     | Log.get_log:info:20 - 执行用例Direct_008当前产品不支持此格式帐号
2021-07-09 15:52:44.829 | ERROR    | Log.get_log:error:32 - 用例执行失败:assert '收单成功' == '当前产品不支持此格式帐号'
  - 当前产品不支持此格式帐号
  + 收单成功
2021-07-09 15:52:44.836 | INFO     | Log.get_log:info:20 - 执行用例Direct_009产品配置异常
2021-07-09 15:52:44.865 | INFO     | Log.get_log:info:20 - 用例执行成功
2021-07-09 15:52:44.872 | INFO     | Log.get_log:info:20 - 执行用例Direct_010产品编码无法识别
2021-07-09 15:52:44.896 | INFO     | Log.get_log:info:20 - 用例执行成功
2021-07-09 15:52:44.901 | INFO     | Log.get_log:info:20 - 执行用例Direct_011ProductCode不能为空
2021-07-09 15:52:44.920 | INFO     | Log.get_log:info:20 - 用例执行成功
2021-07-09 15:52:44.925 | INFO     | Log.get_log:info:20 - 执行用例Direct_012ChargeAccount不能为空
2021-07-09 15:52:44.941 | INFO     | Log.get_log:info:20 - 用例执行成功
2021-07-09 15:52:44.947 | INFO     | Log.get_log:info:20 - 执行用例Direct_013MOrderID不能为空
2021-07-09 15:52:44.970 | ERROR    | Log.get_log:error:32 - 用例执行失败:assert '收单成功' == 'MOrderID不能为空'
  - MOrderID不能为空
  + 收单成功
2021-07-09 15:52:44.978 | INFO     | Log.get_log:info:20 - 执行用例Direct_014TimesTamp不能为空
2021-07-09 15:52:44.999 | ERROR    | Log.get_log:error:32 - 用例执行失败:assert '收单成功' == 'TimesTamp不能为空'
  - TimesTamp不能为空
  + 收单成功
2021-07-09 15:52:45.007 | INFO     | Log.get_log:info:20 - 执行用例Direct_015AppKey不能为空
2021-07-09 15:52:45.028 | INFO     | Log.get_log:info:20 - 用例执行成功
2021-07-09 15:52:45.033 | INFO     | Log.get_log:info:20 - 执行用例Direct_016Version不能为空
2021-07-09 15:52:45.050 | INFO     | Log.get_log:info:20 - 用例执行成功
2021-07-09 15:52:45.055 | INFO     | Log.get_log:info:20 - 执行用例Direct_017BuyCount格式错误
2021-07-09 15:52:45.072 | INFO     | Log.get_log:info:20 - 用例执行成功
2021-07-09 15:52:45.078 | INFO     | Log.get_log:info:20 - 执行用例Direct_018ChargeAccountType不能为空
2021-07-09 15:52:45.095 | INFO     | Log.get_log:info:20 - 用例执行成功
2021-07-09 15:52:45.101 | INFO     | Log.get_log:info:20 - 执行用例Direct_019账户类型错误
2021-07-09 15:52:45.124 | INFO     | Log.get_log:info:20 - 用例执行成功
2021-07-09 15:52:45.130 | INFO     | Log.get_log:info:20 - 执行用例Direct_020接口版本错误
2021-07-09 15:52:45.148 | INFO     | Log.get_log:info:20 - 用例执行成功
2021-07-09 15:52:45.153 | INFO     | Log.get_log:info:20 - 执行用例Direct_021CallBackUrl不能为空
2021-07-09 15:52:45.170 | INFO     | Log.get_log:info:20 - 用例执行成功
2021-07-09 15:52:45.175 | INFO     | Log.get_log:info:20 - 执行用例Direct_022签名错误
2021-07-09 15:52:45.193 | INFO     | Log.get_log:info:20 - 用例执行成功
2021-07-09 15:52:45.199 | INFO     | Log.get_log:info:20 - 执行用例Direct_023合作方单号重复
2021-07-09 15:52:45.224 | ERROR    | Log.get_log:error:32 - 用例执行失败:assert '收单成功' == '会员订单号重复'
  - 会员订单号重复
  + 收单成功
2021-07-09 15:52:45.231 | INFO     | Log.get_log:info:20 - 执行用例Direct_024时间戳失效
2021-07-09 15:52:45.257 | ERROR    | Log.get_log:error:32 - 用例执行失败:assert '收单成功' == '时间戳失效'
  - 时间戳失效
  + 收单成功
2021-07-09 15:52:45.262 | INFO     | Log.get_log:info:20 - ---直充订单用例结束执行---
2021-07-09 15:52:45.265 | INFO     | Log.get_log:info:20 - ---卡密订单用例开始执行---
2021-07-09 15:52:45.266 | INFO     | Log.get_log:info:20 - 执行用例Card_001收单成功（回调）
2021-07-09 15:52:45.303 | INFO     | Log.get_log:info:20 - 用例执行成功
2021-07-09 15:52:45.308 | INFO     | Log.get_log:info:20 - 执行用例Card_002收单成功（无回调）
2021-07-09 15:52:45.315 | INFO     | Log.get_log:info:20 - 执行用例Card_003AppKey无效
2021-07-09 15:52:45.338 | INFO     | Log.get_log:info:20 - 用例执行成功
2021-07-09 15:52:45.343 | INFO     | Log.get_log:info:20 - 执行用例Card_004会员无效
2021-07-09 15:52:45.363 | INFO     | Log.get_log:info:20 - 用例执行成功
2021-07-09 15:52:45.369 | INFO     | Log.get_log:info:20 - 执行用例Card_005账户余额不足
2021-07-09 15:52:45.393 | INFO     | Log.get_log:info:20 - 用例执行成功
2021-07-09 15:52:45.400 | INFO     | Log.get_log:info:20 - 执行用例Card_006IP验证失败
2021-07-09 15:52:45.416 | INFO     | Log.get_log:info:20 - 用例执行成功
2021-07-09 15:52:45.422 | INFO     | Log.get_log:info:20 - 执行用例Card_007当前接口不支持此产品
2021-07-09 15:52:45.445 | INFO     | Log.get_log:info:20 - 用例执行成功
2021-07-09 15:52:45.450 | INFO     | Log.get_log:info:20 - 执行用例Card_008当前接口不支持此格式帐号
2021-07-09 15:52:45.469 | ERROR    | Log.get_log:error:32 - 用例执行失败:assert '收单成功' == '当前产品不支持此格式帐号'
  - 当前产品不支持此格式帐号
  + 收单成功
2021-07-09 15:52:45.477 | INFO     | Log.get_log:info:20 - 执行用例Card_009产品配置异常
2021-07-09 15:52:45.499 | INFO     | Log.get_log:info:20 - 用例执行成功
2021-07-09 15:52:45.505 | INFO     | Log.get_log:info:20 - 执行用例Card_010产品编码无法识别
2021-07-09 15:52:45.524 | INFO     | Log.get_log:info:20 - 用例执行成功
2021-07-09 15:52:45.529 | INFO     | Log.get_log:info:20 - 执行用例Card_011ProductCode不能为空
2021-07-09 15:52:45.549 | INFO     | Log.get_log:info:20 - 用例执行成功
2021-07-09 15:52:45.554 | INFO     | Log.get_log:info:20 - 执行用例Card_012ChargeAccount不能为空
2021-07-09 15:52:45.589 | ERROR    | Log.get_log:error:32 - 用例执行失败:assert '收单成功' == 'ChargeAccount不能为空'
  - ChargeAccount不能为空
  + 收单成功
2021-07-09 15:52:45.596 | INFO     | Log.get_log:info:20 - 执行用例Card_013MOrderID不能为空
2021-07-09 15:52:45.622 | ERROR    | Log.get_log:error:32 - 用例执行失败:assert '收单成功' == 'MOrderID不能为空'
  - MOrderID不能为空
  + 收单成功
2021-07-09 15:52:45.630 | INFO     | Log.get_log:info:20 - 执行用例Card_014TimesTamp不能为空
2021-07-09 15:52:45.658 | ERROR    | Log.get_log:error:32 - 用例执行失败:assert '收单成功' == 'TimesTamp不能为空'
  - TimesTamp不能为空
  + 收单成功
2021-07-09 15:52:45.666 | INFO     | Log.get_log:info:20 - 执行用例Card_015AppKey不能为空
2021-07-09 15:52:45.685 | INFO     | Log.get_log:info:20 - 用例执行成功
2021-07-09 15:52:45.691 | INFO     | Log.get_log:info:20 - 执行用例Card_016Version不能为空
2021-07-09 15:52:45.710 | INFO     | Log.get_log:info:20 - 用例执行成功
2021-07-09 15:52:45.716 | INFO     | Log.get_log:info:20 - 执行用例Card_017BuyCount格式错误
2021-07-09 15:52:45.754 | INFO     | Log.get_log:info:20 - 用例执行成功
2021-07-09 15:52:45.760 | INFO     | Log.get_log:info:20 - 执行用例Card_018ChargeAccountType不能为空
2021-07-09 15:52:45.780 | INFO     | Log.get_log:info:20 - 用例执行成功
2021-07-09 15:52:45.786 | INFO     | Log.get_log:info:20 - 执行用例Card_019账户类型错误
2021-07-09 15:52:45.805 | INFO     | Log.get_log:info:20 - 用例执行成功
2021-07-09 15:52:45.811 | INFO     | Log.get_log:info:20 - 执行用例Card_020接口版本错误
2021-07-09 15:52:45.833 | INFO     | Log.get_log:info:20 - 用例执行成功
2021-07-09 15:52:45.839 | INFO     | Log.get_log:info:20 - 执行用例Card_021CallBackUrl不能为空
2021-07-09 15:52:45.857 | INFO     | Log.get_log:info:20 - 用例执行成功
2021-07-09 15:52:45.863 | INFO     | Log.get_log:info:20 - 执行用例Card_022签名错误
2021-07-09 15:52:45.886 | INFO     | Log.get_log:info:20 - 用例执行成功
2021-07-09 15:52:45.892 | INFO     | Log.get_log:info:20 - 执行用例Card_023合作方单号重复
2021-07-09 15:52:45.917 | ERROR    | Log.get_log:error:32 - 用例执行失败:assert '收单成功' == '会员订单号重复'
  - 会员订单号重复
  + 收单成功
2021-07-09 15:52:45.925 | INFO     | Log.get_log:info:20 - 执行用例Card_024时间戳失效
2021-07-09 15:52:45.958 | ERROR    | Log.get_log:error:32 - 用例执行失败:assert '收单成功' == '时间戳失效'
  - 时间戳失效
  + 收单成功
2021-07-09 15:52:45.965 | INFO     | Log.get_log:info:20 - 执行用例Card_025卡密密钥不能为空
2021-07-09 15:52:45.991 | INFO     | Log.get_log:info:20 - 用例执行成功
2021-07-09 15:52:45.996 | INFO     | Log.get_log:info:20 - 执行用例Card_026卡密密钥不合法
2021-07-09 15:52:46.016 | INFO     | Log.get_log:info:20 - 用例执行成功
2021-07-09 15:52:46.020 | INFO     | Log.get_log:info:20 - ---卡密订单用例结束执行---
2021-07-09 15:52:46.022 | INFO     | Log.get_log:info:20 - ---话费订单用例开始执行---
2021-07-09 15:52:46.024 | INFO     | Log.get_log:info:20 - 执行用例Submit_001提交成功
2021-07-09 15:52:46.105 | INFO     | Log.get_log:info:20 - 用例执行成功
2021-07-09 15:52:46.111 | INFO     | Log.get_log:info:20 - 执行用例Submit_002订单重复提交
2021-07-09 15:52:46.141 | ERROR    | Log.get_log:error:32 - 用例执行失败:assert '提交成功' == '订单不存在'
  - 订单不存在
  + 提交成功
2021-07-09 15:52:46.149 | INFO     | Log.get_log:info:20 - 执行用例Submit_003无效的时间戳
2021-07-09 15:52:46.181 | ERROR    | Log.get_log:error:32 - 用例执行失败:assert '提交成功' == '无效的时间戳'
  - 无效的时间戳
  + 提交成功
2021-07-09 15:52:46.188 | INFO     | Log.get_log:info:20 - 执行用例Submit_004请求已超时
2021-07-09 15:52:46.216 | ERROR    | Log.get_log:error:32 - 用例执行失败:assert '提交成功' == '请求已超时'
  - 请求已超时
  + 提交成功
2021-07-09 15:52:46.223 | INFO     | Log.get_log:info:20 - 执行用例Submit_005非法的会员
2021-07-09 15:52:46.244 | INFO     | Log.get_log:info:20 - 用例执行成功
2021-07-09 15:52:46.250 | INFO     | Log.get_log:info:20 - 执行用例Submit_006会员已被禁用
2021-07-09 15:52:46.267 | INFO     | Log.get_log:info:20 - 用例执行成功
2021-07-09 15:52:46.272 | INFO     | Log.get_log:info:20 - 执行用例Submit_007接口账户已被禁用
2021-07-09 15:52:46.293 | INFO     | Log.get_log:info:20 - 用例执行成功
2021-07-09 15:52:46.299 | INFO     | Log.get_log:info:20 - 执行用例Submit_008请求IP地址与邦定IP地址不符
2021-07-09 15:52:49.310 | INFO     | Log.get_log:info:20 - 用例执行成功
2021-07-09 15:52:49.317 | INFO     | Log.get_log:info:20 - 执行用例Submit_009签名错误(apikey 错误)
2021-07-09 15:52:49.336 | INFO     | Log.get_log:info:20 - 用例执行成功
2021-07-09 15:52:49.341 | INFO     | Log.get_log:info:20 - 执行用例Submit_010不支持该产品充值
2021-07-09 15:52:49.359 | INFO     | Log.get_log:info:20 - 用例执行成功
2021-07-09 15:52:49.365 | INFO     | Log.get_log:info:20 - 执行用例Submit_011该产品不支持数量
2021-07-09 15:52:49.391 | ERROR    | Log.get_log:error:32 - 用例执行失败:assert '提交成功' == '该产品不支持数量'
  - 该产品不支持数量
  + 提交成功
2021-07-09 15:52:49.399 | INFO     | Log.get_log:info:20 - 执行用例Submit_012该产品已下架
2021-07-09 15:52:49.417 | INFO     | Log.get_log:info:20 - 用例执行成功
2021-07-09 15:52:49.422 | INFO     | Log.get_log:info:20 - 执行用例Submit_013该产品未配置价格
2021-07-09 15:52:49.447 | INFO     | Log.get_log:info:20 - 用例执行成功
2021-07-09 15:52:49.452 | INFO     | Log.get_log:info:20 - 执行用例Submit_014资金账户余额不足
2021-07-09 15:52:49.478 | INFO     | Log.get_log:info:20 - 用例执行成功
2021-07-09 15:52:49.483 | INFO     | Log.get_log:info:20 - 执行用例Submit_015接口帐号不能为空
2021-07-09 15:52:49.500 | INFO     | Log.get_log:info:20 - 用例执行成功
2021-07-09 15:52:49.505 | INFO     | Log.get_log:info:20 - 执行用例Submit_016会员订单号不能为空
2021-07-09 15:52:49.533 | ERROR    | Log.get_log:error:32 - 用例执行失败:assert '提交成功' == '会员订单号不能为空'
  - 会员订单号不能为空
  + 提交成功
2021-07-09 15:52:49.540 | INFO     | Log.get_log:info:20 - 执行用例Submit_017充值号码不能为空
2021-07-09 15:52:49.559 | INFO     | Log.get_log:info:20 - 用例执行成功
2021-07-09 15:52:49.564 | INFO     | Log.get_log:info:20 - 执行用例Submit_018时间戳不能为空
2021-07-09 15:52:49.588 | ERROR    | Log.get_log:error:32 - 用例执行失败:assert '提交成功' == '时间戳不能为空'
  - 时间戳不能为空
  + 提交成功
2021-07-09 15:52:49.595 | INFO     | Log.get_log:info:20 - 执行用例Submit_019签名不能为空
2021-07-09 15:52:49.621 | ERROR    | Log.get_log:error:32 - 用例执行失败:assert '提交成功' == '签名不能为空'
  - 签名不能为空
  + 提交成功
2021-07-09 15:52:49.628 | INFO     | Log.get_log:info:20 - 执行用例Submit_020无效的面值
2021-07-09 15:52:49.644 | INFO     | Log.get_log:info:20 - 用例执行成功
2021-07-09 15:52:49.653 | INFO     | Log.get_log:info:20 - 执行用例Submit_021无效的产品类型
2021-07-09 15:52:49.658 | INFO     | Log.get_log:info:20 - ---话费订单用例结束执行---
2021-07-09 15:52:49.661 | INFO     | Log.get_log:info:20 - ---积分卡提取用例开始执行---
2021-07-09 15:52:49.662 | INFO     | Log.get_log:info:20 - 执行用例getcodedata
_001所有字段正常传入
2021-07-09 15:52:49.957 | ERROR    | Log.get_log:error:32 - 用例执行失败:Expecting ',' delimiter: line 1 column 51 (char 50)
2021-07-09 15:52:49.983 | INFO     | Log.get_log:info:20 - 执行用例getcodedata
_002渠道账号为空
2021-07-09 15:52:50.130 | INFO     | Log.get_log:info:20 - 用例执行成功
2021-07-09 15:52:50.135 | INFO     | Log.get_log:info:20 - 执行用例getcodedata
_003
传入不存在的渠道账号
2021-07-09 15:52:50.280 | INFO     | Log.get_log:info:20 - 用例执行成功
2021-07-09 15:52:50.285 | INFO     | Log.get_log:info:20 - 执行用例getcodedata
_004后台渠道提取帐号禁用
2021-07-09 15:52:50.450 | INFO     | Log.get_log:info:20 - 用例执行成功
2021-07-09 15:52:50.456 | INFO     | Log.get_log:info:20 - 执行用例getcodedata
_005后台配置了限制IP
2021-07-09 15:52:50.611 | INFO     | Log.get_log:info:20 - 用例执行成功
2021-07-09 15:52:50.616 | INFO     | Log.get_log:info:20 - 执行用例getcodedata
_006渠道提取帐号金额不足
2021-07-09 15:52:50.890 | ERROR    | Log.get_log:error:32 - 用例执行失败:assert '所提取的数量不足' == '授信金额不足'
  - 授信金额不足
  + 所提取的数量不足
2021-07-09 15:52:50.897 | INFO     | Log.get_log:info:20 - 执行用例getcodedata
_007号码为空
2021-07-09 15:52:51.051 | INFO     | Log.get_log:info:20 - 用例执行成功
2021-07-09 15:52:51.056 | INFO     | Log.get_log:info:20 - 执行用例getcodedata
_008号码包含字母特殊字符空格
2021-07-09 15:52:51.339 | ERROR    | Log.get_log:error:32 - 用例执行失败:assert '所提取的数量不足' == '其他异常'
  - 其他异常
  + 所提取的数量不足
2021-07-09 15:52:51.346 | INFO     | Log.get_log:info:20 - 执行用例getcodedata
_009订单号为空
2021-07-09 15:52:51.628 | ERROR    | Log.get_log:error:32 - 用例执行失败:assert '所提取的数量不足' == '其他异常'
  - 其他异常
  + 所提取的数量不足
2021-07-09 15:52:51.636 | INFO     | Log.get_log:info:20 - 执行用例getcodedata
_010订单号包含字母特殊字符空格
2021-07-09 15:52:51.912 | ERROR    | Log.get_log:error:32 - 用例执行失败:assert '所提取的数量不足' == '其他异常'
  - 其他异常
  + 所提取的数量不足
2021-07-09 15:52:51.920 | INFO     | Log.get_log:info:20 - 执行用例getcodedata
_011订单已存在
2021-07-09 15:52:52.199 | ERROR    | Log.get_log:error:32 - 用例执行失败:Expecting property name enclosed in double quotes: line 1 column 2 (char 1)
2021-07-09 15:52:52.215 | INFO     | Log.get_log:info:20 - 执行用例getcodedata
_012商品编号为空
2021-07-09 15:52:52.492 | ERROR    | Log.get_log:error:32 - 用例执行失败:assert '所提取的数量不足' == '其他异常'
  - 其他异常
  + 所提取的数量不足
2021-07-09 15:52:52.501 | INFO     | Log.get_log:info:20 - 执行用例getcodedata
_013商品编码不存在
2021-07-09 15:52:52.776 | ERROR    | Log.get_log:error:32 - 用例执行失败:assert '所提取的数量不足' == '其他异常'
  - 其他异常
  + 所提取的数量不足
2021-07-09 15:52:52.785 | INFO     | Log.get_log:info:20 - 执行用例getcodedata
_014商品编码包含字母特殊字符空格
2021-07-09 15:52:53.072 | ERROR    | Log.get_log:error:32 - 用例执行失败:assert '所提取的数量不足' == '其他异常'
  - 其他异常
  + 所提取的数量不足
2021-07-09 15:52:53.079 | INFO     | Log.get_log:info:20 - 执行用例getcodedata
_015积分卡数量不足
2021-07-09 15:52:53.499 | INFO     | Log.get_log:info:20 - 用例执行成功
2021-07-09 15:52:53.504 | INFO     | Log.get_log:info:20 - 执行用例getcodedata
_016购买数为空
2021-07-09 15:52:53.797 | ERROR    | Log.get_log:error:32 - 用例执行失败:assert '提取数量必须大于1' == '其他异常'
  - 其他异常
  + 提取数量必须大于1
2021-07-09 15:52:53.805 | INFO     | Log.get_log:info:20 - 执行用例getcodedata
_017购买数为0
2021-07-09 15:52:54.083 | ERROR    | Log.get_log:error:32 - 用例执行失败:Expecting property name enclosed in double quotes: line 1 column 2 (char 1)
2021-07-09 15:52:54.099 | INFO     | Log.get_log:info:20 - 执行用例getcodedata
_018购买数包含字母特殊字符空格
2021-07-09 15:52:54.377 | ERROR    | Log.get_log:error:32 - 用例执行失败:Expecting property name enclosed in double quotes: line 1 column 2 (char 1)
2021-07-09 15:52:54.393 | INFO     | Log.get_log:info:20 - 执行用例getcodedata
_019有效期为空
2021-07-09 15:52:54.545 | INFO     | Log.get_log:info:20 - 用例执行成功
2021-07-09 15:52:54.550 | INFO     | Log.get_log:info:20 - 执行用例getcodedata
_020有效期格式错误
2021-07-09 15:52:54.686 | INFO     | Log.get_log:info:20 - 用例执行成功
2021-07-09 15:52:54.691 | INFO     | Log.get_log:info:20 - 执行用例getcodedata
_021有效期过期
2021-07-09 15:52:54.969 | ERROR    | Log.get_log:error:32 - 用例执行失败:assert '所提取的数量不足' == '参数异常'
  - 参数异常
  + 所提取的数量不足
2021-07-09 15:52:54.976 | INFO     | Log.get_log:info:20 - 执行用例getcodedata
_022开始时间为空
2021-07-09 15:52:55.106 | INFO     | Log.get_log:info:20 - 用例执行成功
2021-07-09 15:52:55.111 | INFO     | Log.get_log:info:20 - 执行用例getcodedata
_023开始时间格式错误
2021-07-09 15:52:55.263 | INFO     | Log.get_log:info:20 - 用例执行成功
2021-07-09 15:52:55.268 | INFO     | Log.get_log:info:20 - 执行用例getcodedata
_024开始时间未开始
2021-07-09 15:52:55.549 | ERROR    | Log.get_log:error:32 - 用例执行失败:assert '所提取的数量不足' == '参数异常'
  - 参数异常
  + 所提取的数量不足
2021-07-09 15:52:55.556 | INFO     | Log.get_log:info:20 - 执行用例getcodedata
_025签名为空
2021-07-09 15:52:55.701 | INFO     | Log.get_log:info:20 - 用例执行成功
2021-07-09 15:52:55.704 | INFO     | Log.get_log:info:20 - ---积分卡提取用例结束执行---
2021-07-09 15:52:55.706 | INFO     | Log.get_log:info:20 - ---短链接生成用例开始执行---
2021-07-09 15:52:55.708 | INFO     | Log.get_log:info:20 - 执行用例Generate_001所有字段正常传入
2021-07-09 15:52:55.726 | INFO     | Log.get_log:info:20 - 用例执行成功
2021-07-09 15:52:55.731 | INFO     | Log.get_log:info:20 - 执行用例Generate_002所有必填字段正常传入
2021-07-09 15:52:55.750 | INFO     | Log.get_log:info:20 - 用例执行成功
2021-07-09 15:52:55.755 | INFO     | Log.get_log:info:20 - 执行用例Generate_003Url为空
2021-07-09 15:52:55.760 | INFO     | Log.get_log:info:20 - 用例执行成功
2021-07-09 15:52:55.766 | INFO     | Log.get_log:info:20 - 执行用例Generate_004Token为空
2021-07-09 15:52:55.770 | INFO     | Log.get_log:info:20 - 用例执行成功
2021-07-09 15:52:55.776 | INFO     | Log.get_log:info:20 - 执行用例Generate_005输入错误的Url
2021-07-09 15:52:55.781 | INFO     | Log.get_log:info:20 - 用例执行成功
2021-07-09 15:52:55.786 | INFO     | Log.get_log:info:20 - 执行用例Generate_006无效Token
2021-07-09 15:52:55.792 | INFO     | Log.get_log:info:20 - 用例执行成功
2021-07-09 15:52:55.797 | INFO     | Log.get_log:info:20 - 执行用例Generate_007无效的域名
2021-07-09 15:52:55.804 | ERROR    | Log.get_log:error:32 - 用例执行失败:assert '100104' == '100105'
  - 100105
  ?      ^
  + 100104
  ?      ^
2021-07-09 15:52:55.810 | INFO     | Log.get_log:info:20 - 执行用例Generate_008会员余额不足
2021-07-09 15:52:55.817 | INFO     | Log.get_log:info:20 - 用例执行成功
2021-07-09 15:52:55.822 | INFO     | Log.get_log:info:20 - 执行用例Generate_009会员无效
2021-07-09 15:52:55.835 | INFO     | Log.get_log:info:20 - 用例执行成功
2021-07-09 15:52:55.840 | INFO     | Log.get_log:info:20 - 执行用例Generate_010IP验证失败
（会员接口白名单配置错误的IP）
2021-07-09 15:52:55.849 | INFO     | Log.get_log:info:20 - 用例执行成功
2021-07-09 15:52:55.855 | INFO     | Log.get_log:info:20 - 执行用例Generate_011传递参数(timestamp)不能为空
2021-07-09 15:52:55.865 | ERROR    | Log.get_log:error:32 - 用例执行失败:assert '100108' == '100109'
  - 100109
  ?      ^
  + 100108
  ?      ^
2021-07-09 15:52:55.872 | INFO     | Log.get_log:info:20 - 执行用例Generate_012传递参数(Sign)不能为空
2021-07-09 15:52:55.885 | ERROR    | Log.get_log:error:32 - 用例执行失败:assert '100108' == '100110'
  - 100110
  ?     -
  + 100108
  ?      +
2021-07-09 15:52:55.892 | INFO     | Log.get_log:info:20 - 执行用例Generate_013时间戳已失效
2021-07-09 15:52:55.903 | ERROR    | Log.get_log:error:32 - 用例执行失败:assert '100108' == '100111'
  - 100111
  + 100108
2021-07-09 15:52:55.909 | INFO     | Log.get_log:info:20 - 执行用例Generate_014签名错误
2021-07-09 15:52:55.918 | INFO     | Log.get_log:info:20 - 用例执行成功
2021-07-09 15:52:55.923 | INFO     | Log.get_log:info:20 - 执行用例Generate_015时间戳有误
2021-07-09 15:52:55.934 | ERROR    | Log.get_log:error:32 - 用例执行失败:assert '100108' == '100113'
  - 100113
  + 100108
2021-07-09 15:52:55.941 | INFO     | Log.get_log:info:20 - 执行用例Generate_016传递参数(DomainName)不能为空
2021-07-09 15:52:55.945 | INFO     | Log.get_log:info:20 - 用例执行成功
2021-07-09 15:52:55.949 | INFO     | Log.get_log:info:20 - ---短链接生成用例结束执行---
