2021-06-23 11:41:36.446 | INFO     | test_dep:setup_class:41 - ---新增部门用例开始执行---
2021-06-23 11:41:37.071 | INFO     | test_dep:test_create:54 - 执行用例Create_001部门添加正确
2021-06-23 11:41:37.258 | ERROR    | test_dep:test_create:65 - 用例执行失败:assert 60008 == 0
  +60008
  -0
2021-06-23 11:41:37.290 | INFO     | test_dep:test_create:54 - 执行用例Create_002部门添加正确--包含子部门
2021-06-23 11:41:37.518 | INFO     | test_dep:test_create:68 - 用例执行成功
2021-06-23 11:41:37.523 | INFO     | test_dep:test_create:54 - 执行用例Create_003部门添加正确-只有必填项
2021-06-23 11:41:37.762 | INFO     | test_dep:test_create:68 - 用例执行成功
2021-06-23 11:41:37.768 | INFO     | test_dep:test_create:54 - 执行用例Create_004部门已存在
2021-06-23 11:41:37.968 | INFO     | test_dep:test_create:68 - 用例执行成功
2021-06-23 11:41:37.974 | INFO     | test_dep:test_create:54 - 执行用例Create_005部门长度不符合限制
2021-06-23 11:41:38.168 | INFO     | test_dep:test_create:68 - 用例执行成功
2021-06-23 11:41:38.168 | INFO     | test_dep:test_create:54 - 执行用例Create_006不合法的参数
2021-06-23 11:41:38.350 | INFO     | test_dep:test_create:68 - 用例执行成功
2021-06-23 11:41:38.355 | INFO     | test_dep:test_create:54 - 执行用例Create_007部门名称重复
2021-06-23 11:41:38.542 | INFO     | test_dep:test_create:68 - 用例执行成功
2021-06-23 11:41:38.550 | INFO     | test_dep:test_create:54 - 执行用例Create_008部门名称包含特殊字符串
2021-06-23 11:41:38.737 | INFO     | test_dep:test_create:68 - 用例执行成功
2021-06-23 11:41:38.743 | INFO     | test_dep:test_create:54 - 执行用例Create_009部门英文名称重复
2021-06-23 11:41:38.922 | INFO     | test_dep:test_create:68 - 用例执行成功
2021-06-23 11:41:38.929 | INFO     | test_dep:test_create:54 - 执行用例Create_010部门英文名称包含特殊字符串
2021-06-23 11:41:39.100 | INFO     | test_dep:test_create:68 - 用例执行成功
2021-06-23 11:41:39.107 | INFO     | test_dep:test_create:54 - 执行用例Create_011部门英文长度不符合限制
2021-06-23 11:41:39.278 | INFO     | test_dep:test_create:68 - 用例执行成功
2021-06-23 11:41:39.284 | INFO     | test_dep:test_create:54 - 执行用例Create_012parentid参数是部门id
2021-06-23 11:41:39.457 | INFO     | test_dep:test_create:68 - 用例执行成功
2021-06-23 11:41:39.462 | INFO     | test_dep:test_create:54 - 执行用例Create_013父级部门格式无效
2021-06-23 11:41:39.621 | INFO     | test_dep:test_create:68 - 用例执行成功
2021-06-23 11:41:39.637 | INFO     | test_dep:test_create:54 - 执行用例Create_014父级部门不存在
2021-06-23 11:41:39.793 | INFO     | test_dep:test_create:68 - 用例执行成功
2021-06-23 11:41:39.808 | INFO     | test_dep:test_create:54 - 执行用例Create_015部门id重复
2021-06-23 11:41:39.980 | INFO     | test_dep:test_create:68 - 用例执行成功
2021-06-23 11:41:39.996 | INFO     | test_dep:test_create:54 - 执行用例Create_016无效的部门id
2021-06-23 11:41:40.185 | INFO     | test_dep:test_create:68 - 用例执行成功
2021-06-23 11:41:40.200 | INFO     | test_dep:teardown_class:44 - ---新增部门用例结束执行---
2021-06-23 11:41:40.419 | INFO     | test_dep:setup_class:80 - ---删除部门用例开始执行---
2021-06-23 11:41:40.419 | INFO     | test_dep:test_delete:93 - 执行用例delete_001 删除成功
2021-06-23 11:41:40.653 | INFO     | test_dep:test_delete:108 - 用例执行成功
2021-06-23 11:41:40.669 | INFO     | test_dep:test_delete:93 - 执行用例delete_002 删除无效部门
2021-06-23 11:41:40.872 | INFO     | test_dep:test_delete:108 - 用例执行成功
2021-06-23 11:41:40.872 | INFO     | test_dep:test_delete:93 - 执行用例delete_003 删除含子部门的部门
2021-06-23 11:41:41.059 | INFO     | test_dep:test_delete:108 - 用例执行成功
2021-06-23 11:41:41.075 | INFO     | test_dep:test_delete:93 - 执行用例delete_004 删除部门包含成员
2021-06-23 11:41:41.278 | INFO     | test_dep:test_delete:108 - 用例执行成功
2021-06-23 11:41:41.278 | INFO     | test_dep:teardown_class:83 - ---删除部门用例结束执行---
